[EGGSCHANGE] Set-DeliveryAddress id=8f13b18c24a3437a8faf3cdac92958e4
[EGGSCHANGE] Update-EggContent id=d99d484165dd4586b312da55c6753fa6
[EGGNET] Get-EggsChangeHealth
[EGGSCHANGE] Set-DeliveryAddress id=8b403525d30a4ade9f7a9ad008373d90
[EGGSCHANGE] Update-EggContent id=684c38aa27654be2ae1a45178e25c58d
[EGGSCHANGE] Get-EggStatus id=6919427b164e4b72bf15bd9aa5bee9c4
[EGGSCHANGE] Send-HealthStatus status=ok
[EGGSCHANGE] Set-DeliveryAddress id=cee71397c8a1428e9f72506a6fd3b742
[EGGSCHANGE] Set-DeliveryAddress id=82c37f3f742d4843be92a0f5628cae50
[EGGNET] Set-EggsChangeHealth health=ok
[EGGSCHANGE] Set-DeliveryAddress id=304bd5ab6a544c74bb984cdbb1167b7b
[EGGSCHANGE] Update-EggContent id=1ee2a527d84e4653a2509f3dd79250f5
[EGGSCHANGE] Get-EggStatus id=6e24322a277648ffb63b8d79bc5a4397
[EGGSCHANGE] Set-DeliveryAddress id=7257067aa8f04e5eb149fb9d508c151c
[EGGSCHANGE] Update-EggContent id=e7337af9d58444dabfe2728963723ce1
[EGGSCHANGE] Update-EggContent id=3da366c52aff4c6d8c15e38dca579bd9
[EGGSCHANGE] Update-EggContent id=805b73fa0b9f4e13a37280e6b1725738
[EGGNET] Get-EggsChangeHealth
[EGGSCHANGE] Update-EggContent id=335e5b9aba3b4434be7d4c340607c478
[EGGSCHANGE] Send-HealthStatus status=ok
[EGGSCHANGE] Get-EggStatus id=8d4d00ca5b3a496fa2acbc976caeaa63
[EGGSCHANGE] Get-EggStatus id=39ee50597789482c93675b031a0f05d3
[EGGSCHANGE] Get-EggStatus id=e10de5b0fe2147b98fa3ca314a06f752
[EGGSCHANGE] Update-EggContent id=5e849d8a372e41dcb711baeac8b559a3
[EGGNET] Set-EggsChangeHealth health=ok
[EGGSCHANGE] Update-EggContent id=7efcf782a2ef44c289bb6c03a604e511
[EGGSCHANGE] Get-EggStatus id=3c75f7cc65644e1e85ed267a130b90fa
[EGGSCHANGE] Get-EggStatus id=b92e371cbd854c469933ff3fe7a631bb
[EGGSCHANGE] Get-EggStatus id=abcac4eb55734e4396bcab87b19d6d39
[EGGNET] Get-EggsChangeHealth
[EGGSCHANGE] Get-EggStatus id=b8cc2ecf3ffa44e1815eeafdc47fe18b
[EGGSCHANGE] Send-HealthStatus status=ok
[EGGSCHANGE] Update-EggContent id=a05508084a9e444e9f2afea587a9aa56
[EGGNET] Set-EggsChangeHealth health=ok
[EGGSCHANGE] Update-EggContent id=0ae3b6720e6a4a00b3eb69d49eb7e286
[EGGSCHANGE] Set-DeliveryAddress id=53a57749f433495a986a1a47801ad44c
[EGGSCHANGE] Set-DeliveryAddress id=51bb4b24052945dca67274d509c59d69
[EGGSCHANGE] Get-EggStatus id=002699ff61554883949d2e52ff47bd8c
[EGGSCHANGE] Update-EggContent id=e65b28d1dc34474d997f6b5f19065c16
[EGGSCHANGE] Set-DeliveryAddress id=b5dbe9af1d26430180fa4c578a9fda1c
[EGGSCHANGE] Update-EggContent id=d18184cb7acd43d3863ae4c8f3a96b10
[EGGSCHANGE] Get-EggStatus id=ac9955b0cdb24a4f98defbd68926711f
[EGGNET] Get-EggsChangeHealth
[EGGSCHANGE] Get-EggStatus id=e8500a3160bb4fe78b7dfa4bcb34bbc3
[EGGSCHANGE] Send-HealthStatus status=ok
[EGGSCHANGE] Get-EggStatus id=430ab841fad847c784cc6dc95f01b8b9
[EGGSCHANGE] Update-EggContent id=1fa50a8657cd4fbc95b310d3ebb57c13
[EGGNET] Set-EggsChangeHealth health=ok
[EGGSCHANGE] Update-EggContent id=1bcb55250211435681bcf1968d07f005
[EGGSCHANGE] Update-EggContent id=114aad2101bc4943aa58b72912567fbe
[EGGSCHANGE] Update-EggContent id=cb64541e95e34125b50d1da087a15174
[EGGNET] Get-EggsChangeHealth
[EGGSCHANGE] Get-EggStatus id=54fd0ded101d40d3bc0ceab5ed07757a
[EGGSCHANGE] Get-EggStatus id=a59c4c2abd3444968afefeba9531e06f
[EGGSCHANGE] Set-DeliveryAddress id=23cc8714acd34be0b530eb83e2a636ff
[EGGSCHANGE] Send-HealthStatus status=ok
[EGGSCHANGE] Update-EggContent id=bca050230a604aaebb33fc025e4a6f04
[EGGSCHANGE] Set-DeliveryAddress id=8837336835ef46f982e7479ff81f1a45
[EGGNET] Set-EggsChangeHealth health=ok
[EGGSCHANGE] Set-DeliveryAddress id=3641501c941b44f59a27869baf49f34c
[EGGSCHANGE] Set-DeliveryAddress id=22e88a89531b42b6a29abc0c615238a9
[EGGNET] Recieve-NewEggsChangeUpdateUrl
[EGGSCHANGE] Get-EggStatus id=247326d635094a7996b751a6231f6162
[EGGSCHANGE] Update-EggContent id=cea801c73bb2480498aefc9d6d6703da
[EGGNET] Set-NewEggsChangeUpdateUrl git@paaschecomsulting/eggschange
[EGGSCHANGE] Get-EggStatus id=599d585b1d5c4f3985216eb4af1dd0ed
[EGGSCHANGE] Update-EggContent id=e1dd323ada6d42e2944ae9074ce66811
[EGGSCHANGE] Get-EggStatus id=99e99f3c7d0b4193acd6b2e90198e98e
[EGGSCHANGE] Update-EggContent id=1b88cc7ab85a43dda2f2ac930dcda81f
[EGGNET] Get-EggsChangeHealth
[EGGSCHANGE] Get-EggStatus id=f7f65160336d4a468e6ae78fa837638b
[EGGSCHANGE] Set-DeliveryAddress id=f4431d03039b431ea05a2383f4dfc072
[EGGSCHANGE] Get-EggStatus id=df078606af5e41d2b27f5ab470177252
[EGGSCHANGE] Get-EggStatus id=c78c35a965154947b96e9ca4d48866df
[EGGSCHANGE] Send-HealthStatus status=ok
[EGGSCHANGE] Get-EggStatus id=97145aedc6844b2bae57a6013bb32e50
[EGGSCHANGE] Set-DeliveryAddress id=813aaaee07ff47028cb63a2f27809dc3
[EGGNET] Set-EggsChangeHealth health=ok
[EGGSCHANGE] Get-EggStatus id=a114524cb3e149ff9ec56412888e87a5
[EGGSCHANGE] Update-EggContent id=d38e1903c718482385c068a6e27bb38f
[EGGNET] Get-EggsChangeHealth
[EGGSCHANGE] Set-DeliveryAddress id=57fc90992dde4d15a523536f0baa55c4
[EGGSCHANGE] Get-EggStatus id=e865fbb44ad5496b984c56724db75765
[EGGSCHANGE] Set-DeliveryAddress id=94147c83b6f942e0b29168b744ed3ff7
[EGGSCHANGE] Send-HealthStatus status=ok
[EGGSCHANGE] Set-DeliveryAddress id=e1140c6c57b647e8a7d639aff29211e2
[EGGSCHANGE] Set-DeliveryAddress id=596c169f85bf41c29de1364cd70df65f
[EGGNET] Set-EggsChangeHealth health=ok
[EGGSCHANGE] Get-EggStatus id=1b55d0a15b9b4712be51b5b97cbb0939
[EGGSCHANGE] Set-DeliveryAddress id=541bfe3f38a546f9afcbd75620ac4bdb
[EGGSCHANGE] Get-EggStatus id=1bdb9c1627954762b7f348e6e850f816
[EGGSCHANGE] Update-EggContent id=415604b3a62145df872075c5d6658e31
[EGGNET] Get-EggsChangeHealth
[EGGSCHANGE] Get-EggStatus id=de4bcd2141fc4f808f49ea178e69cd67
[EGGSCHANGE] Send-HealthStatus status=ok
[EGGSCHANGE] Set-DeliveryAddress id=049e036ca2cb4b028f4cc905bbc82e5f
[EGGSCHANGE] Set-DeliveryAddress id=5b37c32348ed497eb68cda52a2341954
[EGGSCHANGE] Set-DeliveryAddress id=31294af78e42448abf2c31b94037fc51
[EGGNET] Set-EggsChangeHealth health=ok
[EGGSCHANGE] Update-EggContent id=0f013b2f2b8f40d9a11a1049bd3fb68c
[EGGNET] Get-EggsChangeHealth
[EGGSCHANGE] Set-DeliveryAddress id=de14619f74704077b05841e9376b5d95
[EGGSCHANGE] Set-DeliveryAddress id=842a4e20fd56401cbf6e48f6ae0c0ad4
[EGGSCHANGE] Send-HealthStatus status=ok
[EGGSCHANGE] Set-DeliveryAddress id=b80203aca4a746f1bab4153de7f2520d
[EGGNET] Set-EggsChangeHealth health=ok
[EGGSCHANGE] Get-EggStatus id=c1e7ba414fd6448ab1ad2cda9023617f
[EGGSCHANGE] Get-EggStatus id=444beaf3ea4b4fe282527b15a87eeaf4
[EGGSCHANGE] Update-EggContent id=ee7c7429650d4184a06ca222c4eacf81
[EGGSCHANGE] Set-DeliveryAddress id=034fb14776af4707925fb574f778095b
[EGGNET] Get-EggsChangeHealth
[EGGSCHANGE] Set-DeliveryAddress id=1f5bfa3835a64f4c917e9e1241aeb809
[EGGSCHANGE] Update-EggContent id=0395e53326274b41b1743a7d12d90cc3
[EGGSCHANGE] Send-HealthStatus status=ok
[EGGSCHANGE] Get-EggStatus id=c17c0229c2524f28be6d2c57c9b78b93
[EGGNET] Set-EggsChangeHealth health=ok
[EGGSCHANGE] Get-EggStatus id=293fe39515cb4f24b0a4f32a269ba04d
[EGGSCHANGE] Update-EggContent id=bf309fcf4c544d64897e9db5778185e4
[EGGSCHANGE] Get-EggStatus id=9ac89b9401d84e6ab6b7995018345cbc
[EGGSCHANGE] Set-DeliveryAddress id=f1e6ffe481d24d04b42fe271862d9be5
[EGGSCHANGE] Update-EggContent id=2731b7605fae4ea5a6daaa96fe73c28a
[EGGSCHANGE] Get-EggStatus id=a216f68accc748df935ba597f97b6240
[EGGSCHANGE] Set-DeliveryAddress id=fd1cfd45998440e0a6b49895eaf676f8
[EGGSCHANGE] Update-EggContent id=aeb10d8b72204eecbecd1f72c4292d66
[EGGNET] Get-EggsChangeHealth
[EGGSCHANGE] Set-DeliveryAddress id=77496c8bdb604e6587f20029dfa593e2
[EGGSCHANGE] Update-EggContent id=341fdfd8ef57408f96252d16fd18ccbd
[EGGSCHANGE] Get-EggStatus id=667120e5a0054e6fbaac672a0d9f94a2
[EGGSCHANGE] Set-DeliveryAddress id=3234585a38e3407cbb403479977a67c7
[EGGSCHANGE] Send-HealthStatus status=ok
[EGGSCHANGE] Get-EggStatus id=01345f50d3f144ca9fd6901da096ea2d
[EGGSCHANGE] Update-EggContent id=73bca895b4e84361abda600151e1fb51
[EGGNET] Set-EggsChangeHealth health=ok
[EGGSCHANGE] Set-DeliveryAddress id=85a1235180e94b8bbfcc3564bac3ad8b
[EGGSCHANGE] Update-EggContent id=9bc9e8d735f8437988112b2a1128acaf
[EGGSCHANGE] Set-DeliveryAddress id=e12ea39f67364df1bca080d3945a49b6
[EGGNET] Get-EggsChangeHealth
[EGGSCHANGE] Get-EggStatus id=c7cfc7625f1b4f57ab13139b086f6345
[EGGSCHANGE] Send-HealthStatus status=ok
[EGGSCHANGE] Update-EggContent id=e4ca9c0f1e7041589dfb0a68364cbd85
[EGGNET] Set-EggsChangeHealth health=ok
[EGGSCHANGE] Get-EggStatus id=5e1161ffbbf644ccb19986c35a1f6aa0
[EGGSCHANGE] Update-EggContent id=053cc6e378984311a9d85cbdf7cf3bc9
[EGGSCHANGE] Set-DeliveryAddress id=6f0fe78d7abc4cc6aa44a1e0146ab30b
[EGGSCHANGE] Update-EggContent id=88a4ba412ea24b19bf1882a556e5b33d
[EGGSCHANGE] Get-EggStatus id=a86729bd11e8473198369b47c93bfae9
[EGGNET] Get-EggsChangeHealth
[EGGSCHANGE] Get-EggStatus id=82cf5d2b229e4cf89ea8caf12cf68dec
[EGGSCHANGE] Set-DeliveryAddress id=16a8044e8e984e86a697c7254042c23a
[EGGSCHANGE] Set-DeliveryAddress id=2cdcc093587b42039c18d77a6b6f33e9
[EGGSCHANGE] Send-HealthStatus status=ok
[EGGSCHANGE] Set-DeliveryAddress id=9c8c79bb2eb440f0a672a7a75fe5f313
[EGGNET] Set-EggsChangeHealth health=ok
[EGGSCHANGE] Update-EggContent id=53211a0ff993469890dd5396ae5e5510
[EGGSCHANGE] Get-EggStatus id=7446ce26286e4b65815233707cd14348
[EGGSCHANGE] Set-DeliveryAddress id=d94f6ee04f0f45649162aeaad396437a
[EGGSCHANGE] Get-EggStatus id=4b47ed163c7649d290210b1f119828c6
[EGGSCHANGE] Update-EggContent id=7c2d28c2029443b097302bc7dda670b1
[EGGSCHANGE] Get-EggStatus id=cd3043ffdada48deb3090e3dab0f5bcf
[EGGSCHANGE] Set-DeliveryAddress id=50896b24103e4fdb96d045e0744082db
[EGGSCHANGE] Set-DeliveryAddress id=4fcd238dc9754ac190ba68b82fe89e4b
[EGGSCHANGE] Update-EggContent id=006c27e25c0147a893fc11aff5785d90
[EGGSCHANGE] Update-EggContent id=d5e988f873344f4293c00279a7cc472e
[EGGNET] Get-EggsChangeHealth
[EGGSCHANGE] Set-DeliveryAddress id=3e23c184c52f42faad0151fbce5d0de4
[EGGSCHANGE] Set-DeliveryAddress id=99f7001e549c498aaeeebfd828e7055f
[EGGSCHANGE] Send-HealthStatus status=ok
[EGGSCHANGE] Get-EggStatus id=8ff027262c264f4594c735e2fd049753
[EGGNET] Set-EggsChangeHealth health=ok
[EGGSCHANGE] Get-EggStatus id=680c7d327ea64190ba7d6833329691d7
[EGGSCHANGE] Get-EggStatus id=37d06aa0fc8e496cac1925e75e97ed92
[EGGNET] Get-EggsChangeHealth
[EGGSCHANGE] Get-EggStatus id=a607be6cc700421886e7ec9f7e7722be
[EGGSCHANGE] Send-HealthStatus status=ok
[EGGSCHANGE] Update-EggContent id=cc5e46bbea7948f9b9de95a3d5ef1cfd
[EGGSCHANGE] Get-EggStatus id=3b8f1645305a4450b7429bd5d80d72dd
[EGGNET] Set-EggsChangeHealth health=ok
[EGGSCHANGE] Get-EggStatus id=284b4d3bef6a4d81ac3c20ea223cfa4d
[EGGNET] Get-EggsChangeHealth
[EGGSCHANGE] Get-EggStatus id=02f1bfb1a46a49d089f66573a60ba529
[EGGSCHANGE] Send-HealthStatus status=ok
[EGGSCHANGE] Update-EggContent id=de5f96864bc84d2c85d015c3a9117df1
[EGGNET] Set-EggsChangeHealth health=ok
[EGGSCHANGE] Get-EggStatus id=ea8f34625c7f46a5a685fe38569e627b
[EGGSCHANGE] Set-DeliveryAddress id=9d12497675ec4fed869b102130eb6f5a
[EGGSCHANGE] Update-EggContent id=d4ecf300b89449c1a5bcc249615e31f8
[EGGSCHANGE] Update-EggContent id=9fddcd7c93684fa583438f48ab88104b
[EGGSCHANGE] Update-EggContent id=1c1a04920929407583b37cc577ad379e
[EGGSCHANGE] Set-DeliveryAddress id=49fe50f330874c2bb6614f8433f2eb26
[EGGNET] Get-EggsChangeHealth
[EGGSCHANGE] Update-EggContent id=d0a7ed4f732844848250a65baff55a3f
[EGGSCHANGE] Set-DeliveryAddress id=f1d21618cacc477387873790c2a9626e
[EGGSCHANGE] Update-EggContent id=fbf2f2c7e36944049d2fda6ca470b1d5
[EGGSCHANGE] Send-HealthStatus status=ok
[EGGSCHANGE] Set-DeliveryAddress id=476e4478ef874b3891f1fabf56cd8a1d
[EGGSCHANGE] Update-EggContent id=c59cfb4ce266423abf212f2d4084cfbe
[EGGSCHANGE] Update-EggContent id=a0e48b8324314370bd191f66f6f47715
[EGGSCHANGE] Update-EggContent id=06ede63edc384c01957837a77c5e5847
[EGGSCHANGE] Update-EggContent id=e8e42827923b44a59c5394828a47d7ce
[EGGNET] Set-EggsChangeHealth health=ok
[EGGSCHANGE] Update-EggContent id=e4db3b4cdf234619b0f58eb5756e4f7b
[EGGSCHANGE] Update-EggContent id=11fded447dc941659130e5f1bba79cfb
[EGGSCHANGE] Update-EggContent id=494d79fb53604fc78c0b64cb2cc50006
[EGGSCHANGE] Get-EggStatus id=90e395f54be24da79f4439fd9987dc61
[EGGSCHANGE] Get-EggStatus id=7d4b3ae3122e4d388c7e69fd9ea056d3
[EGGSCHANGE] Set-DeliveryAddress id=bf14fce4cbd44b6babd65fb4d2f3ea97
[EGGSCHANGE] Update-EggContent id=70263865865349f0bb0c0769a743ca53
[EGGNET] Get-EggsChangeHealth
[EGGSCHANGE] Update-EggContent id=2f8a5db585f64a9db3722ba0f2cd613d
[EGGSCHANGE] Send-HealthStatus status=ok
[EGGSCHANGE] Get-EggStatus id=4df2cfb3029b4092992a16210f05baf4
[EGGNET] Set-EggsChangeHealth health=ok
[EGGSCHANGE] Get-EggStatus id=d3d87f8979664f9aadbeb1f3ab876feb
[EGGSCHANGE] Get-EggStatus id=5ca4aded92584d02ae359551832aa0ea
[EGGSCHANGE] Update-EggContent id=13a01bd1a5c2432ea01f57d66d5d7eea
[EGGNET] Get-EggsChangeHealth
[EGGSCHANGE] Update-EggContent id=55f9d59a86964a66a4657ef37ffb4b9d
[EGGSCHANGE] Get-EggStatus id=4a559e82e03e4bc6aa9867e2ecd75e16
[EGGSCHANGE] Send-HealthStatus status=ok
[EGGSCHANGE] Set-DeliveryAddress id=59b80517bb8444c085e336b1a8834813
[EGGNET] Set-EggsChangeHealth health=ok
[EGGSCHANGE] Update-EggContent id=b30f71bc548848ea9526d548ab08d800
[EGGNET] Get-EggsChangeHealth
[EGGSCHANGE] Set-DeliveryAddress id=52d627b0614c4931ba7d6d8aeee85d2c
[EGGSCHANGE] Set-DeliveryAddress id=72ff783915c14cb19476fe35247ac00c
[EGGSCHANGE] Get-EggStatus id=cba191100ea841a6b1e61ad1cb483962
[EGGSCHANGE] Update-EggContent id=adb23a7611f34115b3fda44ec2ec7625
[EGGSCHANGE] Set-DeliveryAddress id=e374b1c71d09419285520af700f8ffa7
[EGGSCHANGE] Send-HealthStatus status=ok
[EGGSCHANGE] Update-EggContent id=f4fd217c92c647fe8e16622ed9b4989e
[EGGSCHANGE] Get-EggStatus id=1f75bd123322451c86522bc4f77c7856
[EGGNET] Set-EggsChangeHealth health=ok
[EGGSCHANGE] Get-EggStatus id=107b61ac42774c07b21ed20a5237ea0e
[EGGSCHANGE] Get-EggStatus id=82e510c6a5194c4aa444d25808353134
[EGGSCHANGE] Set-DeliveryAddress id=b32a2d86368842efa03da51c6b092e69
[EGGSCHANGE] Update-EggContent id=729cae04a7584bf8906a42a40d61f11e
[EGGNET] Get-EggsChangeHealth
[EGGSCHANGE] Set-DeliveryAddress id=59928f1dbd1e44e9b32394d242adefc1
[EGGSCHANGE] Send-HealthStatus status=ok
[EGGSCHANGE] Update-EggContent id=c4894ddd8f484e2b97d4d63a93008fc5
[EGGSCHANGE] Update-EggContent id=d1ef1dc5a99047e4bbc039d968cf52a8
[EGGNET] Set-EggsChangeHealth health=ok
[EGGSCHANGE] Get-EggStatus id=7cf6cc3f40464607bc67a5f861ecc49a
[EGGNET] Get-EggsChangeHealth
[EGGSCHANGE] Update-EggContent id=8a353d3433324a4793238ad9ca08823a
[EGGSCHANGE] Set-DeliveryAddress id=d1467f99213f49f3b7a8f57754a0a338
[EGGSCHANGE] Update-EggContent id=c299c038459f44ecab724aa139cab66b
[EGGSCHANGE] Update-EggContent id=a037163baf944af9b063eef104005963
[EGGSCHANGE] Set-DeliveryAddress id=2720a9b3e0214d7fa336331abe30e2b6
[EGGSCHANGE] Update-EggContent id=3436ddda4fc441b4bca39ac93b98a740
[EGGSCHANGE] Get-EggStatus id=d6b53cb1f8ff4867ae34d3a6e72626a3
[EGGSCHANGE] Set-DeliveryAddress id=a48583abd4564d26b75df6ccab4a164a
[EGGSCHANGE] Send-HealthStatus status=ok
[EGGSCHANGE] Get-EggStatus id=1c54b38be3d4449480d3f002e4923420
[EGGSCHANGE] Update-EggContent id=ace660d6989b459eb53125fab053a73c
[EGGSCHANGE] Set-DeliveryAddress id=d93f60beed804270b9280b3c07ea4027
[EGGSCHANGE] Get-EggStatus id=1386042a950f44c987e7722d2b35da82
[EGGSCHANGE] Update-EggContent id=c483719e4cd341ba9c5372ada8e5a367
[EGGSCHANGE] Set-DeliveryAddress id=ab28d4d9edbb4fe5a968e99b8759add5
[EGGNET] Set-EggsChangeHealth health=ok
[EGGSCHANGE] Update-EggContent id=db3b3dbde1174d7a9b9034976e49f0d8
[EGGNET] Get-EggsChangeHealth
[EGGSCHANGE] Set-DeliveryAddress id=2ee6d0e177574073b3e0931b5e58dbf4
[EGGSCHANGE] Send-HealthStatus status=ok
[EGGSCHANGE] Set-DeliveryAddress id=d5cca93037d54a7e8f6eb128c52f2c41
[EGGNET] Set-EggsChangeHealth health=ok
[EGGSCHANGE] Get-EggStatus id=86f3385a25b6473fa029d8b2679a08fb
[EGGSCHANGE] Update-EggContent id=4a2ce8e85638425d8c63443649e1c2c1
[EGGNET] Get-EggsChangeHealth
[EGGSCHANGE] Set-DeliveryAddress id=719372c98c8445f5abe70b00582f5a8a
[EGGSCHANGE] Update-EggContent id=c434548964aa44e59da51d299760a44b
[EGGSCHANGE] Update-EggContent id=de322492957d43d691375b8f3a6b21ba
[EGGSCHANGE] Send-HealthStatus status=ok
[EGGSCHANGE] Get-EggStatus id=59978b7bedae4ffb990cc93d90791b20
[EGGSCHANGE] Get-EggStatus id=4d5ffd65b0724fb9877276e5f7564bb6
[EGGSCHANGE] Get-EggStatus id=28b19174075c4644828b853aa0b4169d
[EGGSCHANGE] Update-EggContent id=06b3b62aac6d4e4dbcf2259cc8ee4fc0
[EGGSCHANGE] Update-EggContent id=fbf8ffd291384def9e8df21c905d46ca
[EGGSCHANGE] Update-EggContent id=d68d535301db42fea89de685c3ae55c3
[EGGSCHANGE] Set-DeliveryAddress id=ce99a2b812ca48b99fca1c1bf9516268
[EGGNET] Set-EggsChangeHealth health=ok
[EGGSCHANGE] Get-EggStatus id=15de53dbb18145b69d2497de40bef996
[EGGSCHANGE] Update-EggContent id=e3b2b1b7397e475eb1cfe88f021466ee
[EGGSCHANGE] Get-EggStatus id=19ded8adec36411ea40c1d7822611357
[EGGSCHANGE] Get-EggStatus id=ebb37535a1544f55a71a622ada0906ed
[EGGNET] Get-EggsChangeHealth
[EGGSCHANGE] Get-EggStatus id=79d6af9e5ea44a96b3d724e985f7426d
[EGGSCHANGE] Send-HealthStatus status=ok
[EGGSCHANGE] Set-DeliveryAddress id=072ce51fa1a4476bb3b4b06c1912f039
[EGGSCHANGE] Update-EggContent id=946da57d2ecb4a42bdf0823fb8fc9cc5
[EGGSCHANGE] Update-EggContent id=6e32273099a34eac83fd7a679cfcd625
[EGGSCHANGE] Set-DeliveryAddress id=69ba11bb64b14feb92bd9c963e6fb59e
[EGGNET] Set-EggsChangeHealth health=ok
[EGGSCHANGE] Update-EggContent id=96bdf375274a4293a75fa077f8436c71
[EGGSCHANGE] Get-EggStatus id=8b0c15e2e2e54a3398fa16a62a6a3fce
[EGGSCHANGE] Update-EggContent id=b5d842206a5d447fadaa9d87c6d4422d
[EGGSCHANGE] Get-EggStatus id=3ca0bd2efa55446eb5e4a8ee7dfe3fd6
[EGGSCHANGE] Get-EggStatus id=8724c07d84c7430081aa91df3adfadcc
[EGGSCHANGE] Get-EggStatus id=dc45cd674ea44e8f9d59236536c97d66
[EGGSCHANGE] Update-EggContent id=42ff11702111449f8adcca44507a5d4e
[EGGSCHANGE] Update-EggContent id=7b38b6ddf76e4ee4a3b723725f3967a2
[EGGSCHANGE] Get-EggStatus id=87609ca822d14584a11237b58a53a15f
[EGGSCHANGE] Set-DeliveryAddress id=1200d49d61db40b692e3373f8556bc67
[EGGSCHANGE] Update-EggContent id=859a0e5ca9dd47a5989827e1abd6ff0e
[EGGSCHANGE] Update-EggContent id=d00fd064e8af4bfa82c62b3f4c59906d
[EGGSCHANGE] Update-EggContent id=96a68445134a4edd88984041478f3278
[EGGSCHANGE] Get-EggStatus id=4f81b09896d64315abf1c0412e1ff08f
[EGGSCHANGE] Set-DeliveryAddress id=fd0296b6dd424b399e5670e53aa69b1a
[EGGSCHANGE] Update-EggContent id=e105d47edfbb4f3c82b75055587a19fb
[EGGSCHANGE] Update-EggContent id=85dd189e8eb34b66b8bbe5a0bf85cb64
[EGGSCHANGE] Update-EggContent id=61f9bf17d8074df79e0fcf2927445fe7
[EGGSCHANGE] Get-EggStatus id=c42ea741dacd4e7ba0330928a8c750fc
[EGGNET] Get-EggsChangeHealth
[EGGSCHANGE] Set-DeliveryAddress id=b6dc25f6a2f44a8f8b93bff27b588bdc
[EGGSCHANGE] Update-EggContent id=0b72b284552e43b0ab1bf2631f134ed9
[EGGSCHANGE] Update-EggContent id=c5b94e3822274dfeafdd8eb2aeffcdb9
[EGGSCHANGE] Send-HealthStatus status=ok
[EGGSCHANGE] Set-DeliveryAddress id=7bc0bb1f2ced4c349a1c957ba860ec2b
[EGGSCHANGE] Set-DeliveryAddress id=9c9e89a68e764547872381308fe37a59
[EGGSCHANGE] Set-DeliveryAddress id=aa9d14dd64614759a7a01e85e188e776
[EGGNET] Set-EggsChangeHealth health=ok
[EGGSCHANGE] Get-EggStatus id=c987cf41d96b4954bbf2d443ed4fc532
[EGGSCHANGE] Update-EggContent id=aeeab64f109c4daca94c072442230066
[EGGNET] Get-EggsChangeHealth
[EGGSCHANGE] Get-EggStatus id=ecc0ae47da4948b3a945079fec3299bd
[EGGSCHANGE] Send-HealthStatus status=ok
[EGGSCHANGE] Set-DeliveryAddress id=d7e7df4b9896424ca618cfb21d49e874
[EGGSCHANGE] Update-EggContent id=e70f1ecd9b5941bd979c6eb42b074428
[EGGNET] Set-EggsChangeHealth health=ok
[EGGSCHANGE] Set-DeliveryAddress id=060639075cf94fbcac0ce714d498aed0
[EGGSCHANGE] Get-EggStatus id=a61f5e69ba5e4ff59f4ffdf8e7080ea8
[EGGNET] Get-EggsChangeHealth
[EGGSCHANGE] Get-EggStatus id=7f26a510a3d642039d42fa1a3da2012c
[EGGSCHANGE] Send-HealthStatus status=ok
[EGGSCHANGE] Update-EggContent id=a35c2ac281784810bf1be40902443881
[EGGNET] Set-EggsChangeHealth health=ok
[EGGSCHANGE] Set-DeliveryAddress id=e35b0af89eb3458e8e2b07c5209d0ad8
[EGGSCHANGE] Set-DeliveryAddress id=05d36a5b97c64964a8aa3ab63e568eb0
[EGGSCHANGE] Update-EggContent id=6c11d4aa345944ba888002e39e5e2e3b
[EGGSCHANGE] Set-DeliveryAddress id=2b2481c106f2435284e1ca04d235fbea
[EGGSCHANGE] Update-EggContent id=3784393065c0471b90e9312d60c60d67
[EGGSCHANGE] Update-EggContent id=bb32fcb6cd884ad0a04110e364ad4a60
[EGGSCHANGE] Update-EggContent id=dfaf1c03e0674c51b8953b32743ffd41
[EGGSCHANGE] Get-EggStatus id=61da9c7e138743c6b9de5e9b86ed23fb
[EGGNET] Get-EggsChangeHealth
[EGGSCHANGE] Get-EggStatus id=00fa03b714d84d1ebb7bfbd45f796f10
[EGGSCHANGE] Send-HealthStatus status=ok
[EGGSCHANGE] Get-EggStatus id=c189f04fbca14947b1677c1ab232440d
[EGGSCHANGE] Get-EggStatus id=27758a30e3b74d42934930e7ba6c613e
[EGGSCHANGE] Update-EggContent id=ae4e8b450dd8436cbc0219b48eedece6
[EGGSCHANGE] Set-DeliveryAddress id=83369772cdb54f71a29e16bcf6ee6af0
[EGGSCHANGE] Get-EggStatus id=b31dbea1623c488f8d72be80df9dd1da
[EGGNET] Set-EggsChangeHealth health=ok
[EGGSCHANGE] Get-EggStatus id=7dda41ec0afa4fc78d7b232b819431cc
[EGGNET] Get-EggsChangeHealth
[EGGSCHANGE] Set-DeliveryAddress id=b277319620864a7a9519628c5b856e49
[EGGSCHANGE] Send-HealthStatus status=ok
[EGGSCHANGE] Update-EggContent id=afc3a4b6e7af46079ea5f32bbfecce66
[EGGSCHANGE] Get-EggStatus id=d990ae700913465ca084a657a813fb99
[EGGSCHANGE] Set-DeliveryAddress id=84a013c2d9a2493abe9a47d047d8fb63
[EGGSCHANGE] Get-EggStatus id=187e7fcf4f7443da99a5d81e14658add
[EGGNET] Set-EggsChangeHealth health=ok
[EGGSCHANGE] Update-EggContent id=8a6e94714b6d49048a4a402cf11a5e3d
[EGGSCHANGE] Get-EggStatus id=f4b46e34fae64f45b389eaeb87d5e44a
[EGGSCHANGE] Update-EggContent id=c809f33fe72d4f99bed4d496cbf53b6e
[EGGSCHANGE] Update-EggContent id=8a9aeb09013a4b8799aaf07626392937
[EGGSCHANGE] Set-DeliveryAddress id=ea151849550740b28b3aba1602c46f36
[EGGSCHANGE] Get-EggStatus id=427ce6a8484840d5873fdeee0491c0d3
[EGGSCHANGE] Get-EggStatus id=0c5d917a59b649e987e91347c22fb93b
[EGGSCHANGE] Set-DeliveryAddress id=f95158ad5bb641fe830c8e3cc861eec8
[EGGSCHANGE] Set-DeliveryAddress id=351bf2281c564ff990e16c05f5a29f72
[EGGSCHANGE] Get-EggStatus id=17a7d96d15cd46d3b906136afc4e61b6
[EGGSCHANGE] Update-EggContent id=9b57877ec118464583c3b34788e39846
[EGGSCHANGE] Set-DeliveryAddress id=39f8f1095403465998c2182deeddc370
[EGGSCHANGE] Get-EggStatus id=b5c30b196f184dba8b6cac058a473e06
[EGGSCHANGE] Update-EggContent id=ce68a705ae994a95a4136053f39dcf3b
[EGGSCHANGE] Get-EggStatus id=59cff10237354c44b4203d50bcc8566e
[EGGSCHANGE] Update-EggContent id=64dfcb4b6bf24c5bb47e4612bebfc29e
[EGGSCHANGE] Update-EggContent id=c1ba119ca7e243b18f2c57a77f60cc79
[EGGSCHANGE] Set-DeliveryAddress id=aa3fa1eefecd402eba7e13fc6aaf74d2
[EGGSCHANGE] Set-DeliveryAddress id=2a485f638ad64320ab6e0ca292dc5de5
[EGGNET] Get-EggsChangeHealth
[EGGSCHANGE] Set-DeliveryAddress id=43847fe7e80d45e7b3b366ef98ecd87e
[EGGSCHANGE] Update-EggContent id=d7a98de8f41a4f718ce9d000dd55c7c0
[EGGSCHANGE] Send-HealthStatus status=ok
[EGGSCHANGE] Update-EggContent id=6b7cb1f254c84178a11118172b0f8dc6
[EGGSCHANGE] Update-EggContent id=3311338ca8d74e3784e31ea85d27b134
[EGGSCHANGE] Update-EggContent id=96089eefee4e41ab800c8deba291c7ba
[EGGNET] Set-EggsChangeHealth health=ok
[EGGSCHANGE] Set-DeliveryAddress id=8e76174b2ea04ad0b16fdc726274f69d
[EGGNET] Get-EggsChangeHealth
[EGGSCHANGE] Set-DeliveryAddress id=5cd1317f5beb4b27aad17a941153e268
[EGGSCHANGE] Send-HealthStatus status=ok
[EGGSCHANGE] Update-EggContent id=eff38415879b4104b75506cab3d27f4e
[EGGSCHANGE] Set-DeliveryAddress id=331c8f3558ff4cdd8d0900e2258cbd93
[EGGSCHANGE] Update-EggContent id=d1fe175954bf44bebbef666c384dd3a0
[EGGSCHANGE] Set-DeliveryAddress id=b1ea65b03f1e48eca17e8b11269e8c84
[EGGNET] Set-EggsChangeHealth health=ok
[EGGSCHANGE] Get-EggStatus id=9d401bbb624f40268c6b32b505be4b49
[EGGSCHANGE] Get-EggStatus id=c474bdf176c14542b7c36107878751cf
[EGGSCHANGE] Set-DeliveryAddress id=9654e05dd1d5457a80d84a389e440c99
[EGGSCHANGE] Update-EggContent id=43e55de2064743609202c598b83a2892
[EGGSCHANGE] Set-DeliveryAddress id=6d2105bb3dbe40a9b9df7e0214daca30
[EGGSCHANGE] Get-EggStatus id=f7b0c69998564b9abac87197d02416aa
[EGGNET] Get-EggsChangeHealth
[EGGSCHANGE] Set-DeliveryAddress id=500de013613f4d30a15e373145b9a9f8
[EGGSCHANGE] Send-HealthStatus status=ok
[EGGSCHANGE] Get-EggStatus id=ac97d8d0872f4e4d93766a8e6f4f52d7
[EGGNET] Set-EggsChangeHealth health=ok
[EGGSCHANGE] Update-EggContent id=fe7d60d816a14e2c81f0aceda30bc973
[EGGSCHANGE] Get-EggStatus id=17e0129eb3984c43ac7527ed192d7eb3
[EGGSCHANGE] Update-EggContent id=f54100e53da34bca874da1cf4fd6095d
[EGGSCHANGE] Get-EggStatus id=ba760d4bdd584c769d00711a68ed1e79
[EGGSCHANGE] Update-EggContent id=d0d197c1a5f446b181c2dbdcc2c72188
[EGGNET] Get-EggsChangeHealth
[EGGSCHANGE] Get-EggStatus id=1999d33f38354bb5b9ff60109259a36b
[EGGSCHANGE] Send-HealthStatus status=ok
[EGGSCHANGE] Set-DeliveryAddress id=35c4622026ab4afc9fec27e94007ca3b
[EGGSCHANGE] Set-DeliveryAddress id=5fc81de79af945799c7e587df2d9d8de
[EGGSCHANGE] Update-EggContent id=7c7d65d5b27346378c64974e9ea991b0
[EGGSCHANGE] Get-EggStatus id=a66c4018a79e4c248a9051bcfe468ecf
[EGGSCHANGE] Set-DeliveryAddress id=518d352dc53f4d2daf2c9e5f48798dc3
[EGGSCHANGE] Get-EggStatus id=cb924c3bf51443889b24f599925e3863
[EGGSCHANGE] Set-DeliveryAddress id=2a8bd371dbe84833ac1af83281f68bb0
[EGGNET] Set-EggsChangeHealth health=ok
[EGGSCHANGE] Update-EggContent id=ffc1f5741d13416c9f9ee3e8e38cc420
[EGGSCHANGE] Get-EggStatus id=9fc234a8382f40939adb3779ccb04cf5
[EGGSCHANGE] Get-EggStatus id=cdff8126652e4c0dade092bcc75b944c
[EGGSCHANGE] Get-EggStatus id=84b571c4b107403d8b8185c368345a5d
[EGGSCHANGE] Update-EggContent id=472f569111964c45a80a33d4d2171227
[EGGSCHANGE] Set-DeliveryAddress id=552bd76a5db44246b875d69cccc4b014
[EGGSCHANGE] Update-EggContent id=5b46e1c0ed6f4630a5832d5b82ad84d7
[EGGSCHANGE] Update-EggContent id=57e0813a88304cf582f0c2e89f0786a3
[EGGNET] Get-EggsChangeHealth
[EGGSCHANGE] Get-EggStatus id=807ff07c2ee94412b3b517d0482ed3c2
[EGGSCHANGE] Update-EggContent id=47764d1c6e09490ebb72c5643a21ceae
[EGGSCHANGE] Send-HealthStatus status=ok
[EGGSCHANGE] Set-DeliveryAddress id=b3d57d2f90ab439fa5d382a57035baa7
[EGGNET] Set-EggsChangeHealth health=ok
[EGGSCHANGE] Set-DeliveryAddress id=cc428a59535f43a2b92fdf684f31805d
[EGGSCHANGE] Update-EggContent id=7ec3644b7fe742a8bbcaf9f6f22941e3
[EGGSCHANGE] Update-EggContent id=62b10942e24d436ab57d26dbcbf29ed4
[EGGSCHANGE] Update-EggContent id=a3430b8f5fbc49b2b752cd1328fa8b74
[EGGNET] Get-EggsChangeHealth
[EGGSCHANGE] Get-EggStatus id=bbab7c0d6925406e9d3a5758ed9046ea
[EGGSCHANGE] Get-EggStatus id=b271ea2855c4480095a3d38ac453cdf7
[EGGSCHANGE] Send-HealthStatus status=ok
[EGGSCHANGE] Update-EggContent id=accdc060658344bc8e127184134e8836
[EGGSCHANGE] Update-EggContent id=cfed224888b4418facda8e11773e0ee9
[EGGSCHANGE] Update-EggContent id=2749b499a06443cc8a7a5071636e2066
[EGGSCHANGE] Set-DeliveryAddress id=e5253a1c952a44d59fde88f9d71fd248
[EGGSCHANGE] Update-EggContent id=1f4616bea7024638af34dc1ec1390198
[EGGNET] Set-EggsChangeHealth health=ok
[EGGSCHANGE] Set-DeliveryAddress id=1a60a4bf31c541f69d92a1997b5801c7
[EGGSCHANGE] Set-DeliveryAddress id=cd8659e381d24e5594b64cb3aeff23df
[EGGSCHANGE] Get-EggStatus id=9c3ca29bd8164daeb3118cd326d3922f
[EGGNET] Get-EggsChangeHealth
[EGGSCHANGE] Set-DeliveryAddress id=3ca42a9b73634923864c5aecfd2b3ccc
[EGGSCHANGE] Set-DeliveryAddress id=43a67998dfc249e8882c2becffa5da6c
[EGGSCHANGE] Get-EggStatus id=fc859a3e2aae4028b446e92b3ed175f0
[EGGSCHANGE] Set-DeliveryAddress id=6a81f8ad27984b28bfb6dea0e5204bcd
[EGGSCHANGE] Send-HealthStatus status=ok
[EGGSCHANGE] Get-EggStatus id=53cd9952115b43a4ae675e74fcf4acff
[EGGSCHANGE] Get-EggStatus id=bbf343ad20d942bf80580a6270edc1a5
[EGGNET] Set-EggsChangeHealth health=ok
[EGGSCHANGE] Update-EggContent id=554d1334087b4b168f8eec37337cd06e
[EGGSCHANGE] Get-EggStatus id=79bf38643961428687aa5d7946d425db
[EGGSCHANGE] Set-DeliveryAddress id=4182934d97924df1b82c259546a6c860
[EGGSCHANGE] Set-DeliveryAddress id=66b67e53bbca42fdac2c3a0a37fd760a
[EGGSCHANGE] Set-DeliveryAddress id=f3068ee957af4ae093cadccfa8fc679f
[EGGSCHANGE] Update-EggContent id=aad72a29cbf04cbe92ed8f88cd1f6809
[EGGNET] Get-EggsChangeHealth
[EGGSCHANGE] Set-DeliveryAddress id=3a4bf6d89f79419e967f61461b576759
[EGGSCHANGE] Send-HealthStatus status=ok
[EGGSCHANGE] Get-EggStatus id=d73cde2e5d364a34aaf1b1ba46a92bf6
[EGGNET] Set-EggsChangeHealth health=ok
[EGGSCHANGE] Update-EggContent id=4757eb6e5f6945ad8377f0936bb9332d
[EGGSCHANGE] Set-DeliveryAddress id=f6e507dcdaa2466aa01d329e8715553d
[EGGSCHANGE] Update-EggContent id=85fa9cb754524b48b9ddb08d72a7e291
[EGGSCHANGE] Get-EggStatus id=6a59b53c00084f5f88d11eae3ed6b5d2
[EGGNET] Get-EggsChangeHealth
[EGGSCHANGE] Update-EggContent id=4306bc010b0c46bbb213d6480af6ebaa
[EGGSCHANGE] Send-HealthStatus status=ok
[EGGSCHANGE] Set-DeliveryAddress id=99591778d89c402d8fb41e58793e3436
[EGGSCHANGE] Update-EggContent id=d918641929fd44aeb89e3cd3479f50fb
[EGGSCHANGE] Get-EggStatus id=2808a1a8264f4fadac8d72a340018044
[EGGNET] Set-EggsChangeHealth health=ok
[EGGSCHANGE] Set-DeliveryAddress id=e5cde6f3f7a14def8e82110f0d73f094
[EGGSCHANGE] Get-EggStatus id=e6380580919c40c1b57a8d293fb1c6d6
[EGGSCHANGE] Update-EggContent id=9e6c87b28cd94061a022af020f23b742
[EGGSCHANGE] Update-EggContent id=97c5a428dca14de78103f1a7f49ca603
[EGGSCHANGE] Update-EggContent id=d73946da6b314a1f8ea574ccdddef512
[EGGSCHANGE] Update-EggContent id=cdfc00fd8e7d4f37aeb2842d62d96b8e
[EGGSCHANGE] Get-EggStatus id=cdecf770edda4a4bbe43cd86ad8b6337
[EGGSCHANGE] Update-EggContent id=2ab640b06f624f70963530a49160a198
[EGGSCHANGE] Update-EggContent id=7a2f3832afaa4e99aefd76ec63177dd1
[EGGNET] Get-EggsChangeHealth
[EGGSCHANGE] Get-EggStatus id=21af563815d74568ae5623eda9f98d6a
[EGGSCHANGE] Send-HealthStatus status=ok
[EGGSCHANGE] Update-EggContent id=399e47c0339d4563bae07fbe0c486bef
[EGGNET] Set-EggsChangeHealth health=ok
[EGGSCHANGE] Set-DeliveryAddress id=2a4a5164b05e4deabe20897774b9af62
[EGGNET] Get-EggsChangeHealth
[EGGSCHANGE] Update-EggContent id=0b2116b5ff244f9db934d0b778827d37
[EGGSCHANGE] Send-HealthStatus status=ok
[EGGSCHANGE] Get-EggStatus id=7a9b475966e543c8914e8bf21a6306bf
[EGGNET] Set-EggsChangeHealth health=ok
[EGGSCHANGE] Set-DeliveryAddress id=319fae4e4d2b4b39a69e32ebeedc18ed
[EGGSCHANGE] Get-EggStatus id=d086e1df5c404be4930a57eccaff4161
[EGGSCHANGE] Update-EggContent id=9ce2f475bfee46f69888edebc39771de
[EGGSCHANGE] Get-EggStatus id=422a852d83ae4409b36c13dde61164c1
[EGGSCHANGE] Set-DeliveryAddress id=60d38bafb417411c8005c1d9a927844e
[EGGSCHANGE] Set-DeliveryAddress id=a9541a6da9394555a01207b0c8cca3f2
[EGGSCHANGE] Get-EggStatus id=ea2d47fac45942dabe03fb5ab0c3a1c7
[EGGNET] Get-EggsChangeHealth
[EGGSCHANGE] Set-DeliveryAddress id=5280f2d2aa2c452e97baa6ae0909bc0e
[EGGSCHANGE] Send-HealthStatus status=ok
[EGGSCHANGE] Update-EggContent id=106d39fb7afb4bbf94f77e52abcd60b4
[EGGSCHANGE] Update-EggContent id=7ceafb1c71dc4abf9fdab1b55c7422a2
[EGGSCHANGE] Update-EggContent id=6a11c5900fcc46ffaa91528efc4ff58e
[EGGNET] Set-EggsChangeHealth health=ok
[EGGSCHANGE] Set-DeliveryAddress id=c8c37d8e23aa43aca8ebdc849f23f2b4
[EGGSCHANGE] Set-DeliveryAddress id=f7c58493fce441d3933f67e61f21caa9
[EGGSCHANGE] Get-EggStatus id=3c2eac7bc0c944bea161db76fe1cbda1
[EGGNET] Get-EggsChangeHealth
[EGGSCHANGE] Update-EggContent id=686d73c35d8a4ff69139f0c857484ddd
[EGGSCHANGE] Set-DeliveryAddress id=b08b4af1e07b41039d00a00712c8e781
[EGGSCHANGE] Set-DeliveryAddress id=c28c6e56d3f9436fb7ee2660d7fa48d3
[EGGSCHANGE] Update-EggContent id=fd2666fca0ea4e20b5f1dec5a2026d0c
[EGGSCHANGE] Send-HealthStatus status=ok
[EGGSCHANGE] Update-EggContent id=f3dd1008a3994e27a31756e2ab3c15db
[EGGNET] Set-EggsChangeHealth health=ok
[EGGSCHANGE] Update-EggContent id=7c8cc7e9f98e4602a0d4489837e9bd3c
[EGGSCHANGE] Set-DeliveryAddress id=3da28bb904ad4bfa91e3343857978229
[EGGSCHANGE] Set-DeliveryAddress id=89199384deb54a8ab00b870218d4a99d
[EGGNET] Get-EggsChangeHealth
[EGGSCHANGE] Set-DeliveryAddress id=3131c61783244ea69ae373cbdcfd89c0
[EGGSCHANGE] Send-HealthStatus status=ok
[EGGSCHANGE] Get-EggStatus id=21d515a8e2de46329fb50acdb0cc56fc
[EGGNET] Set-EggsChangeHealth health=ok
[EGGSCHANGE] Update-EggContent id=5bb4f0cb0c3f44c1955890abaeaaf9d6
[EGGSCHANGE] Update-EggContent id=dc57f43d19794962b77a0375d5acf258
[EGGNET] Get-EggsChangeHealth
[EGGSCHANGE] Set-DeliveryAddress id=d2e32477a04f44fda67aa4f119298a68
[EGGSCHANGE] Set-DeliveryAddress id=a68316715a554af1b2eb4b5e82518be7
[EGGSCHANGE] Send-HealthStatus status=ok
[EGGSCHANGE] Set-DeliveryAddress id=e9130cecbeed4891a404eb8f2f9d66ad
[EGGNET] Set-EggsChangeHealth health=ok
[EGGSCHANGE] Get-EggStatus id=33e63ab5859a4684a0198dae44265b32
[EGGSCHANGE] Update-EggContent id=a87e26f9e8d049e5b8c339fcdc66dc0a
[EGGSCHANGE] Update-EggContent id=25239d3f859641508c00857460cf0b0e
[EGGNET] Get-EggsChangeHealth
[EGGSCHANGE] Set-DeliveryAddress id=4d988ec8ee7f462a920da22bc0c7cf64
[EGGSCHANGE] Send-HealthStatus status=ok
[EGGSCHANGE] Set-DeliveryAddress id=1ce0aba46d97479f91d04cc41dc756dc
[EGGSCHANGE] Get-EggStatus id=5eb39582b7404c8ebd34465708ff1d11
[EGGNET] Set-EggsChangeHealth health=ok
[EGGSCHANGE] Get-EggStatus id=c0711b006cfd4dab9dc5efbbfdc1e232
[EGGSCHANGE] Get-EggStatus id=c5674288880f45dfacc7017f01573af1
[EGGNET] Get-EggsChangeHealth
[EGGSCHANGE] Update-EggContent id=5d925615f12d4896ac7dc2aba6cb9560
[EGGSCHANGE] Update-EggContent id=360384bbd79c4be2aee368a0d7e7d35d
[EGGSCHANGE] Set-DeliveryAddress id=2e17876b40b64dbaaa1af35792ab77c9
[EGGSCHANGE] Update-EggContent id=d3560e46e181483d82de9beefe104185
[EGGSCHANGE] Set-DeliveryAddress id=5e9ebd92a9e04230a366a61d23b75c56
[EGGSCHANGE] Get-EggStatus id=79f47e12dc52433ba2c62b00eb795371
[EGGSCHANGE] Set-DeliveryAddress id=9f141c9395894fce874b09ac7a2e1fa4
[EGGSCHANGE] Set-DeliveryAddress id=5ab282b193ed4007bae44584e1ef4817
[EGGSCHANGE] Send-HealthStatus status=ok
[EGGSCHANGE] Update-EggContent id=97455cd3d8d245a18dd67272e2dddd65
[EGGNET] Set-EggsChangeHealth health=ok
[EGGSCHANGE] Update-EggContent id=34f4c71d51a041c88d3d812de4748350
[EGGSCHANGE] Get-EggStatus id=32f9a0c157044d66be9c1126b08d968e
[EGGNET] Get-EggsChangeHealth
[EGGSCHANGE] Set-DeliveryAddress id=4dec2e0aa2234c6b8667e564d799a8ec
[EGGSCHANGE] Send-HealthStatus status=ok
[EGGSCHANGE] Get-EggStatus id=549aebc600114b6da072be55cae75b6e
[EGGNET] Set-EggsChangeHealth health=ok
[EGGSCHANGE] Update-EggContent id=c69e43ceefc6465ea0e5ffb5a87573e4
[EGGSCHANGE] Set-DeliveryAddress id=5d965a46384c461b89ff57b671cb4cba
[EGGSCHANGE] Get-EggStatus id=e70129772cf94bc18e7f9aa9f35c0df4
[EGGSCHANGE] Get-EggStatus id=9abcf561f374403a9ee793e51b45220b
[EGGSCHANGE] Get-EggStatus id=0b7b1984fb584f75a22aee6624458c13
[EGGSCHANGE] Set-DeliveryAddress id=fe72e5fffc3846b0be1bdf7ce81bf001
[EGGSCHANGE] Set-DeliveryAddress id=84a4a83659c1420f9fb390cf9c43bb0f
[EGGSCHANGE] Update-EggContent id=8e44db91098040fdabaf0553b6762dac
[EGGSCHANGE] Update-EggContent id=a354efbc8afc4cc0abcd4a4e67dbb200
[EGGSCHANGE] Set-DeliveryAddress id=e6fd32fd6a2742a7be865df5d73656ab
[EGGSCHANGE] Get-EggStatus id=95f0cf15c4474fe38ca050a53246dbac
[EGGSCHANGE] Set-DeliveryAddress id=da6d9fd88d424ba7be0a90f95317232e
[EGGNET] Get-EggsChangeHealth
[EGGSCHANGE] Update-EggContent id=c6c1ac6ce3864173883076134714a5df
[EGGSCHANGE] Update-EggContent id=8aa8519a9b0341b3b50bc31bdc14a525
[EGGSCHANGE] Update-EggContent id=f47771384758428d8c9f822e8d196d96
[EGGSCHANGE] Update-EggContent id=1397e5820ae241e08e1364afe8b028be
[EGGSCHANGE] Update-EggContent id=0652f6a5e1c547599955dd18ca16d246
[EGGSCHANGE] Get-EggStatus id=2de736a78fbf4a15aa0155577c79ee54
[EGGSCHANGE] Send-HealthStatus status=ok
[EGGSCHANGE] Set-DeliveryAddress id=0ac844be84b3446babe9450a364f16e7
[EGGNET] Set-EggsChangeHealth health=ok
[EGGSCHANGE] Get-EggStatus id=fd67907d6cbd4c77add91ce9ebd5818a
[EGGSCHANGE] Get-EggStatus id=e2e1aae3f96646db92d20668edcea0ff
[EGGSCHANGE] Set-DeliveryAddress id=687dac7b2a6f4616a4185a29f02a6b29
[EGGSCHANGE] Update-EggContent id=1b6e0aec07d1425d81f62352439288cd
[EGGSCHANGE] Update-EggContent id=dc6667c68af9472599a3dab8e65c9324
[EGGSCHANGE] Set-DeliveryAddress id=fee76bd6c9f847618d9f38765306087a
[EGGNET] Get-EggsChangeHealth
[EGGSCHANGE] Set-DeliveryAddress id=a982fb454ccb45239a2cfe14e3d43a63
[EGGSCHANGE] Send-HealthStatus status=ok
[EGGSCHANGE] Set-DeliveryAddress id=3c13a4986a8f439eb171d176713af388
[EGGSCHANGE] Get-EggStatus id=a64862f3a9244b5fbacdbee5a436ec86
[EGGSCHANGE] Set-DeliveryAddress id=801dcd3476f449c7a81c6343e41b061e
[EGGNET] Set-EggsChangeHealth health=ok
[EGGSCHANGE] Update-EggContent id=a75ce4ddec6443dfbc3467ad6a176eae
[EGGSCHANGE] Get-EggStatus id=95211a3d1f914200b5738cb98fca1b60
[EGGSCHANGE] Update-EggContent id=eb8c11d7b2a24d2dbee412e801638b86
[EGGSCHANGE] Set-DeliveryAddress id=7eb81ae943694161b5a2369ce6c03e3e
[EGGSCHANGE] Update-EggContent id=1cb7fe45c4064c439998f2f0901c2dec
[EGGSCHANGE] Update-EggContent id=e4b64e12663b4b42a80593b97ea454d7
[EGGSCHANGE] Set-DeliveryAddress id=482b6b6f02134fccbd7bb4acf4dee6c6
[EGGNET] Get-EggsChangeHealth
[EGGSCHANGE] Get-EggStatus id=8d6298ef1f7645efbefbe763e4ed1c80
[EGGSCHANGE] Set-DeliveryAddress id=da183cced7c140d98dce2157f75a9757
[EGGSCHANGE] Update-EggContent id=b47059a77fc5433badbaaa690290b1ee
[EGGSCHANGE] Send-HealthStatus status=ok
[EGGSCHANGE] Update-EggContent id=a9c3846bf22b4ced9de481304a6e654b
[EGGSCHANGE] Get-EggStatus id=0abd7bd39d8c488ab559c8dd79567f5b
[EGGSCHANGE] Update-EggContent id=8a74f045fa0a4ea8a73dca86bf6bdd50
[EGGSCHANGE] Set-DeliveryAddress id=af41167b2c2f4673976488a87d700d5d
[EGGNET] Set-EggsChangeHealth health=ok
[EGGSCHANGE] Get-EggStatus id=f33fef6d0ae946c29d05336ab1ef34c4
[EGGSCHANGE] Set-DeliveryAddress id=decf068255fc43a39f456c73a348b929
[EGGSCHANGE] Set-DeliveryAddress id=a55467cbbd27480f86d7a69a0b8b5609
[EGGSCHANGE] Get-EggStatus id=bae4a3ab07f348829ba55e411ac09a4e
[EGGSCHANGE] Set-DeliveryAddress id=dace421831de4a04b52b3e4e0bed7d27
[EGGNET] Get-EggsChangeHealth
[EGGSCHANGE] Get-EggStatus id=c1fb1cffb0ae4c4ba4f0eef5de47a703
[EGGSCHANGE] Update-EggContent id=e10b7d0477c3451aad863b43fb1bd057
[EGGSCHANGE] Send-HealthStatus status=ok
[EGGSCHANGE] Get-EggStatus id=455a5d1e4a0246d8b165515bb95dc2e6
[EGGSCHANGE] Update-EggContent id=a6795145ee4d4d63bd767a78d37123c0
[EGGSCHANGE] Set-DeliveryAddress id=b408218241f743078ddc4b33e5fba9bf
[EGGSCHANGE] Get-EggStatus id=876a5c53eafc482991e8caf69cf7c8d5
[EGGNET] Set-EggsChangeHealth health=ok
[EGGSCHANGE] Set-DeliveryAddress id=c5ce9ea30ce74a45b63f05d227c059fd
[EGGSCHANGE] Get-EggStatus id=2e2b2b6231c24b269eab72f5a60ef354
[EGGSCHANGE] Update-EggContent id=c52435d1e7ff4983856213e512abc823
[EGGSCHANGE] Get-EggStatus id=debee6c843d04c5d982c90787680f69c
[EGGSCHANGE] Set-DeliveryAddress id=689c74993a724dd1b347de98cc03cdab
[EGGSCHANGE] Update-EggContent id=c0b24d16f5c5470fb86a751a31013ed4
[EGGNET] Get-EggsChangeHealth
[EGGSCHANGE] Update-EggContent id=49d4d9dad70048abb1214ba4faaeea8e
[EGGSCHANGE] Send-HealthStatus status=ok
[EGGSCHANGE] Update-EggContent id=8e593177731441299fbb086bc5e75c34
[EGGNET] Set-EggsChangeHealth health=ok
[EGGSCHANGE] Set-DeliveryAddress id=2379ecd8837142a0b7a30bcf9cf541f4
[EGGSCHANGE] Get-EggStatus id=df221ef3d6b946b79666d345bff4b91b
[EGGSCHANGE] Get-EggStatus id=5ce32249343c4cbb82bd01a8b50fee64
[EGGNET] Get-EggsChangeHealth
[EGGSCHANGE] Update-EggContent id=1313730d2ebf40d78b70a7a632e6af47
[EGGSCHANGE] Send-HealthStatus status=ok
[EGGSCHANGE] Set-DeliveryAddress id=575ed3e581564328b11514d09f7efe1a
[EGGNET] Set-EggsChangeHealth health=ok
[EGGSCHANGE] Set-DeliveryAddress id=20421ed71bd8464ba9cb1ea1d37685a0
[EGGNET] Get-EggsChangeHealth
[EGGSCHANGE] Update-EggContent id=871daa9637174df6aed6c8d7085a2ad0
[EGGSCHANGE] Update-EggContent id=35070af098d944cb830e4947abac7192
[EGGSCHANGE] Send-HealthStatus status=ok
[EGGSCHANGE] Get-EggStatus id=c4e01dc172774f0d8008733043f86c21
[EGGNET] Set-EggsChangeHealth health=ok
[EGGSCHANGE] Get-EggStatus id=99fd05a0c6f34bd5b4986aba048e7e9a
[EGGSCHANGE] Set-DeliveryAddress id=cba26fdab3e54a1bb231da3685a44fdf
[EGGNET] Get-EggsChangeHealth
[EGGSCHANGE] Set-DeliveryAddress id=2fb5788bcd6c4609b9daf2adcd34bf0f
[EGGSCHANGE] Send-HealthStatus status=ok
[EGGSCHANGE] Get-EggStatus id=823f8b8bcb924e1b82ab3a52611ee4d9
[EGGSCHANGE] Get-EggStatus id=0b2f66f7d991411f920156166e50a6b2
[EGGNET] Set-EggsChangeHealth health=ok
[EGGSCHANGE] Set-DeliveryAddress id=86c7ae322e8e4ecd93bfeda6f0b42fe3
[EGGNET] Get-EggsChangeHealth
[EGGSCHANGE] Set-DeliveryAddress id=fe263216b33348bc89444ae768e60829
[EGGSCHANGE] Get-EggStatus id=fd72cfc61e0a408b8ae34b7e1b4e9d87
[EGGSCHANGE] Send-HealthStatus status=ok
[EGGSCHANGE] Get-EggStatus id=505100d68f614b9f9fe02e68cce34d91
[EGGNET] Set-EggsChangeHealth health=ok
[EGGSCHANGE] Get-EggStatus id=02ff23637fa64739a56327a63dc7d6c1
[EGGSCHANGE] Get-EggStatus id=7bc12ba5c7af4335a345dc95728182fe
[EGGSCHANGE] Set-DeliveryAddress id=b31cbc134cfe4477b7a2341c74a4f649
[EGGSCHANGE] Update-EggContent id=b0dfd8eb25a34e1d816fbde883e3dbe0
[EGGSCHANGE] Set-DeliveryAddress id=736b0139695542f99bd3d8e4f8af2c7c
[EGGSCHANGE] Set-DeliveryAddress id=f05a313460624046ae2916ab6ea205fe
[EGGSCHANGE] Get-EggStatus id=a95f3ad124544d40bdeeca2ed9eff14a
[EGGNET] Get-EggsChangeHealth
[EGGSCHANGE] Update-EggContent id=d79c0ee8324e45d595926c01a1ff8fe3
[EGGSCHANGE] Update-EggContent id=2b974c6483e64409b9c774d08980d964
[EGGSCHANGE] Set-DeliveryAddress id=ed8e2be1fb3d46caaf8bad9e8f5e336f
[EGGSCHANGE] Send-HealthStatus status=ok
[EGGSCHANGE] Set-DeliveryAddress id=49b2595ff0844d05be22c8bdd8088dee
[EGGSCHANGE] Set-DeliveryAddress id=7f3b2cdfbe3e45439318c25183e7b13e
[EGGNET] Set-EggsChangeHealth health=ok
[EGGSCHANGE] Update-EggContent id=b2aac5cd5745479eb7fe7a24d2a0f564
[EGGSCHANGE] Set-DeliveryAddress id=8850dbeb24d54d3d860bfb35cee8a01b
[EGGSCHANGE] Update-EggContent id=60084604aece475cbef1a156cb223585
[EGGSCHANGE] Set-DeliveryAddress id=dfc43dd18a4245e08b2bec12acfc33d6
[EGGSCHANGE] Set-DeliveryAddress id=e7492fe855a5439b9d0ff357e6f85c9e
[EGGSCHANGE] Update-EggContent id=860a0418aee54af48a5be187c4ff19b5
[EGGSCHANGE] Update-EggContent id=dda3a8a750a74f8e9dc3a27bbe388e9b
[EGGSCHANGE] Get-EggStatus id=990435e870e04cdfb558e515ac274309
[EGGSCHANGE] Update-EggContent id=4bde0fe860974591814aad103d52df72
[EGGNET] Get-EggsChangeHealth
[EGGSCHANGE] Get-EggStatus id=44caf9a505104896828c7399c0f4c034
[EGGSCHANGE] Send-HealthStatus status=ok
[EGGSCHANGE] Update-EggContent id=ddf79a847edb4dce96db00b99c5127cd
[EGGNET] Set-EggsChangeHealth health=ok
[EGGSCHANGE] Update-EggContent id=ff2124c50f284bafa4fc79d80f804c0a
[EGGSCHANGE] Update-EggContent id=1d21063a9c8844d8a8257d7816556117
[EGGNET] Get-EggsChangeHealth
[EGGSCHANGE] Set-DeliveryAddress id=079c48ce7b04439f9f798a0a1ab5f565
[EGGSCHANGE] Send-HealthStatus status=ok
[EGGSCHANGE] Get-EggStatus id=1d0104918aa04c928ff3d2fb73a8eea4
[EGGNET] Set-EggsChangeHealth health=ok
[EGGSCHANGE] Set-DeliveryAddress id=d541fbccc8384f00b3adec1909c9e8a6
[EGGSCHANGE] Get-EggStatus id=823ce2dc7802454cbaf5b94607540b31
[EGGSCHANGE] Set-DeliveryAddress id=851b0924481b4ad9b209e5d275656798
[EGGSCHANGE] Set-DeliveryAddress id=a8c0df18beb2473cbbd766545053c290
[EGGNET] Get-EggsChangeHealth
[EGGSCHANGE] Set-DeliveryAddress id=8e267707e2084b6f8f65d9aeb438783c
[EGGSCHANGE] Update-EggContent id=41219775c9794da698677ab93e3552ac
[EGGSCHANGE] Send-HealthStatus status=ok
[EGGSCHANGE] Update-EggContent id=e8e13522c67445519a789390315ee40f
[EGGSCHANGE] Get-EggStatus id=547b1338cc984a4cb02188ff2bad4b06
[EGGNET] Set-EggsChangeHealth health=ok
[EGGSCHANGE] Update-EggContent id=ba0f17abb4b7495e8f4c0446a75a89a4
[EGGNET] Get-EggsChangeHealth
[EGGSCHANGE] Update-EggContent id=f0412da6e5be47e494fdd600019860b1
[EGGSCHANGE] Send-HealthStatus status=ok
[EGGSCHANGE] Set-DeliveryAddress id=a67fb2826fc742c69b5c92c3154a14e3
[EGGSCHANGE] Update-EggContent id=ccc81ab52df24f46836e329d6bbe2bb9
[EGGSCHANGE] Update-EggContent id=18effebece084d5f862d1c2054c93118
[EGGSCHANGE] Get-EggStatus id=46a4710ca9634ddaa1006691217d24e0
[EGGSCHANGE] Get-EggStatus id=2a7a63f4ce6e47de8df5537ced949e22
[EGGSCHANGE] Update-EggContent id=e258d88efe014f6baeffbe8f994fb658
[EGGNET] Set-EggsChangeHealth health=ok
[EGGSCHANGE] Update-EggContent id=20c674a0cb9e41d0a793ab85470b25fa
[EGGSCHANGE] Get-EggStatus id=b6a5b1b3da004546a92ee388497205f2
[EGGSCHANGE] Get-EggStatus id=9c6f9980cb37409fbdb898583d1d15d8
[EGGSCHANGE] Update-EggContent id=be8c9913c5dd41d5a294cb9563f213cb
[EGGSCHANGE] Get-EggStatus id=8c65e77675ac477481be7d83540003ed
[EGGSCHANGE] Set-DeliveryAddress id=c46c48f6d54d4789a6bca40a00a2dd20
[EGGNET] Get-EggsChangeHealth
[EGGSCHANGE] Update-EggContent id=867ddeeff237482a93417d0ead9a019a
[EGGSCHANGE] Send-HealthStatus status=ok
[EGGSCHANGE] Get-EggStatus id=b3f2e0519d6d4f659eceeba5aa1f12e5
[EGGSCHANGE] Set-DeliveryAddress id=818e88644ab04fd3b4f1f6ec22061750
[EGGNET] Set-EggsChangeHealth health=ok
[EGGSCHANGE] Get-EggStatus id=9a511c28d48848d88b83ed88ee156dcc
[EGGNET] Get-EggsChangeHealth
[EGGSCHANGE] Get-EggStatus id=e6fc43300d134b5c96194a9cb4328c2a
[EGGSCHANGE] Send-HealthStatus status=ok
[EGGSCHANGE] Get-EggStatus id=0bcac19b52dc4f479d2a72afe878c84b
[EGGSCHANGE] Set-DeliveryAddress id=7730463fddeb4e17bcf856d175a4eb39
[EGGSCHANGE] Set-DeliveryAddress id=f023647040be40d8a55060696e90eb47
[EGGSCHANGE] Update-EggContent id=47f4383d0df04bb2a38a85c30e231457
[EGGNET] Set-EggsChangeHealth health=ok
[EGGSCHANGE] Get-EggStatus id=aa0322448ae54a03b122f41d436fa879
[EGGSCHANGE] Update-EggContent id=60161cc03cd54e11b29e8b9249531199
[EGGSCHANGE] Get-EggStatus id=16eb7fc04b6446a585bc74a665249502
[EGGNET] Get-EggsChangeHealth
[EGGSCHANGE] Update-EggContent id=ed7a477dbf2943bf97e45afdad041d66
[EGGSCHANGE] Send-HealthStatus status=ok
[EGGSCHANGE] Update-EggContent id=6bd82a9974784ec7b70f3123e1017334
[EGGSCHANGE] Set-DeliveryAddress id=87d23ba8bf1d4c30a5d75733a32180aa
[EGGSCHANGE] Get-EggStatus id=32a2053e4f4543689035595b40d0177c
[EGGNET] Set-EggsChangeHealth health=ok
[EGGSCHANGE] Update-EggContent id=ce3cefb11318444ba379827b8235207a
[EGGNET] Get-EggsChangeHealth
[EGGSCHANGE] Get-EggStatus id=3c1977b1673e4e8c99077fbc43b6eba6
[EGGSCHANGE] Send-HealthStatus status=ok
[EGGSCHANGE] Get-EggStatus id=4d024bcef8b540d1a12fdc21df09c9d2
[EGGNET] Set-EggsChangeHealth health=ok
[EGGSCHANGE] Update-EggContent id=bf59812a4f8c457196f3061cf8bee767
[EGGSCHANGE] Set-DeliveryAddress id=d6ccbcfe07e74ebeb6a125289b9aa0fe
[EGGSCHANGE] Set-DeliveryAddress id=df2dc2ad485147a59348f63d06dcd118
[EGGSCHANGE] Update-EggContent id=2351497013e94840b46f659cec58d113
[EGGSCHANGE] Get-EggStatus id=1023cfbd6db24e0b93a08ebe21db3ec6
[EGGNET] Get-EggsChangeHealth
[EGGSCHANGE] Update-EggContent id=34ec9515959946a2b0fa56f33f9426c5
[EGGSCHANGE] Send-HealthStatus status=ok
[EGGSCHANGE] Set-DeliveryAddress id=5f573273f9b041cf9c41ed882cef760d
[EGGSCHANGE] Set-DeliveryAddress id=359a11a444b648d38b070663b2ee9721
[EGGSCHANGE] Update-EggContent id=edfa325da060467f962adaee90f27b5c
[EGGSCHANGE] Set-DeliveryAddress id=1209505ae9ba4597a8bd4831a4299d2c
[EGGNET] Set-EggsChangeHealth health=ok
[EGGSCHANGE] Set-DeliveryAddress id=868f1c2247ea42c591a3de7bf90cd706
[EGGNET] Get-EggsChangeHealth
[EGGSCHANGE] Set-DeliveryAddress id=dd718f3c475744d58bbf2bec330de8f8
[EGGSCHANGE] Update-EggContent id=22a8321756a24f4fad6f01e033e9e28b
[EGGSCHANGE] Send-HealthStatus status=ok
[EGGSCHANGE] Update-EggContent id=4d88c4209adf48868697b797db0213b1
[EGGSCHANGE] Set-DeliveryAddress id=21af845ae62c4da1a5d30b3e4123f8ec
[EGGNET] Set-EggsChangeHealth health=ok
[EGGSCHANGE] Set-DeliveryAddress id=c000a3374d204921b8fa4fcd0b1cbe90
[EGGSCHANGE] Update-EggContent id=df55177c93254e0980b4f157405896c2
[EGGNET] Get-EggsChangeHealth
[EGGSCHANGE] Update-EggContent id=257b27c2ef0343bf9b41aefab16f5ba9
[EGGSCHANGE] Send-HealthStatus status=ok
[EGGSCHANGE] Update-EggContent id=19703bc66e844ea39811adf90c987682
[EGGSCHANGE] Update-EggContent id=dffbdd516f3d424c9b1c2c514fa71b02
[EGGSCHANGE] Update-EggContent id=4c42c25892884135b9cc97613939d5b0
[EGGNET] Set-EggsChangeHealth health=ok
[EGGSCHANGE] Update-EggContent id=879e9eb040a449b9895480e733344564
[EGGSCHANGE] Set-DeliveryAddress id=f42daa8f609a4bac95fe4bf9a6edfe9f
[EGGNET] Get-EggsChangeHealth
[EGGSCHANGE] Set-DeliveryAddress id=42efc4f8294a4893b48db34612367464
[EGGSCHANGE] Update-EggContent id=47d407503c4f41cfb7c85944d8458f63
[EGGSCHANGE] Send-HealthStatus status=ok
[EGGSCHANGE] Set-DeliveryAddress id=de96454afb784f15af590fd143bb6145
[EGGNET] Set-EggsChangeHealth health=ok
[EGGSCHANGE] Set-DeliveryAddress id=7d0ab336fc9c411ea90c4f0c70c84aa1
[EGGSCHANGE] Update-EggContent id=35126865be994496bd30b9ec3760c7ee
[EGGSCHANGE] Update-EggContent id=56f4fb41af874da9a2df21b1516a2ae1
[EGGSCHANGE] Get-EggStatus id=93f8c64ed2844d3fabb2751f34b90660
[EGGNET] Get-EggsChangeHealth
[EGGSCHANGE] Update-EggContent id=da55f2ab41f3417a88f34765e17648c3
[EGGSCHANGE] Set-DeliveryAddress id=e5b41b087f984c6fb9ccf35ec2a57db3
[EGGSCHANGE] Set-DeliveryAddress id=d4771751f98a405e81636f04d66dc98c
[EGGSCHANGE] Set-DeliveryAddress id=d3bf198273bf493295c608965d113006
[EGGSCHANGE] Get-EggStatus id=9b3947007eae4d899a02016e23f60dc0
[EGGSCHANGE] Update-EggContent id=6a27c42620cc4a25aaa8c323a44ae91d
[EGGSCHANGE] Send-HealthStatus status=ok
[EGGSCHANGE] Set-DeliveryAddress id=1599a81650d8454daffcf15bd4318ac0
[EGGSCHANGE] Get-EggStatus id=4419de9ce685450cbe43ec6281f78d02
[EGGNET] Set-EggsChangeHealth health=ok
[EGGSCHANGE] Update-EggContent id=f610a69f3a7f452cb3a48e896406daba
[EGGSCHANGE] Get-EggStatus id=8aadc9e559aa46dfa706c9340474e5b8
[EGGSCHANGE] Update-EggContent id=a79f1ed616424023a102062e705d4d57
[EGGSCHANGE] Get-EggStatus id=db846a6330284587a29575f7b011c36c
[EGGSCHANGE] Update-EggContent id=de8bb4c9b9b545c4b11b0710e6a98b88
[EGGSCHANGE] Get-EggStatus id=79d5e8940a46432ebf8ee644e9b8e75b
[EGGSCHANGE] Get-EggStatus id=4d9d3e53b55042028c6b585840218ac5
[EGGSCHANGE] Get-EggStatus id=579c98a3e59349b5897885ff1dc55ac0
[EGGSCHANGE] Update-EggContent id=2c842236f77b48fabe654790cf52d7ac
[EGGSCHANGE] Update-EggContent id=c8d71b7a72754a14a4208db28bf06600
[EGGSCHANGE] Update-EggContent id=882a1171115e4d75be87508f1820b4df
[EGGSCHANGE] Set-DeliveryAddress id=b089303cd389487c8d2fead067ac3736
[EGGSCHANGE] Set-DeliveryAddress id=7bc347dc3056411c92871478662f2508
[EGGNET] Get-EggsChangeHealth
[EGGSCHANGE] Get-EggStatus id=8ab403780bf3462d9b6c04afb33bb334
[EGGSCHANGE] Update-EggContent id=aa3cf714e066465fbfad783022ea2a37
[EGGSCHANGE] Update-EggContent id=197f2b57740041d6bcbbd84e75711d54
[EGGSCHANGE] Send-HealthStatus status=ok
[EGGSCHANGE] Update-EggContent id=07ea38a57dfb41d7a0a79054c6f2cf1c
[EGGSCHANGE] Update-EggContent id=1c745df3b0b948ca9ec02b054fc7a696
[EGGSCHANGE] Set-DeliveryAddress id=70ba284ef9754fd7bc53087233f7e9d1
[EGGNET] Set-EggsChangeHealth health=ok
[EGGSCHANGE] Get-EggStatus id=ccf5da20a08e4fbeb1a5ac4606c083a3
[EGGNET] Get-EggsChangeHealth
[EGGSCHANGE] Get-EggStatus id=6f30f0b92b2b48a2bdcaaf67c38049e2
[EGGSCHANGE] Send-HealthStatus status=ok
[EGGSCHANGE] Update-EggContent id=755e36f2c44942ffa5d9a6913ef4574d
[EGGNET] Set-EggsChangeHealth health=ok
[EGGSCHANGE] Get-EggStatus id=6c7f2317b6a64d329b924dabbd17f006
[EGGSCHANGE] Set-DeliveryAddress id=87565334944e4c6bad010e70b91d6f05
[EGGSCHANGE] Get-EggStatus id=bde0498398aa49cc945fb4dedc5bc9a0
[EGGSCHANGE] Update-EggContent id=dc14f3e36420433082d01e3c4f0c3aec
[EGGSCHANGE] Update-EggContent id=92b1f508381645e4965c46a81a675a54
[EGGSCHANGE] Set-DeliveryAddress id=022c661704ac4b12835395ed5070fcb1
[EGGSCHANGE] Set-DeliveryAddress id=a41c08cfa4b043e4bee376fe4baaffb8
[EGGSCHANGE] Get-EggStatus id=1dbcd9743c884782bb2f714918a451a1
[EGGSCHANGE] Set-DeliveryAddress id=ca735f39812f46d189891a0b08205ece
[EGGSCHANGE] Set-DeliveryAddress id=cfd610eb403a483a81965f626cc1698b
[EGGSCHANGE] Get-EggStatus id=7fda340238b843af9057777de05fa55c
[EGGSCHANGE] Set-DeliveryAddress id=6008a9db6f4f4a639584d4083e892411
[EGGNET] Get-EggsChangeHealth
[EGGSCHANGE] Set-DeliveryAddress id=ed008690723b410b942dd075d7c69c89
[EGGSCHANGE] Set-DeliveryAddress id=07f160cb74d6494daa2c281f5844a36b
[EGGSCHANGE] Send-HealthStatus status=ok
[EGGSCHANGE] Update-EggContent id=1757169105a14995aeda208bb29caa36
[EGGNET] Set-EggsChangeHealth health=ok
[EGGSCHANGE] Get-EggStatus id=5b5ee48ee29e445d9d355f762a3b1d22
[EGGSCHANGE] Set-DeliveryAddress id=995ba04c74054deda62e82a577029a89
[EGGSCHANGE] Set-DeliveryAddress id=3d9db4860d764857a471c57ac6bdec2b
[EGGNET] Get-EggsChangeHealth
[EGGSCHANGE] Get-EggStatus id=1c0e53022e474b949d4eb6e308c805d1
[EGGSCHANGE] Send-HealthStatus status=ok
[EGGSCHANGE] Update-EggContent id=a5879d8f119f41fcab8867dc08939777
[EGGSCHANGE] Get-EggStatus id=411348d9a71b44c08df11470fa496fcf
[EGGNET] Set-EggsChangeHealth health=ok
[EGGSCHANGE] Update-EggContent id=b9a8306689404735be91f792fc28d098
[EGGSCHANGE] Set-DeliveryAddress id=3a83e6dea6e842da867afba8779a17ec
[EGGSCHANGE] Update-EggContent id=1d23fc31e7d6427d81946620604875f2
[EGGSCHANGE] Get-EggStatus id=545428166981460995b89749bfa5577c
[EGGSCHANGE] Update-EggContent id=514e1a52403e45c29d89e7d6973749f4
[EGGSCHANGE] Update-EggContent id=006f4b0327af4187ba3cd549fd2d389d
[EGGSCHANGE] Get-EggStatus id=4c5dc9251efb485983b7efdc32da4afd
[EGGSCHANGE] Get-EggStatus id=6311b39c21bb4ccaada0170e97575efe
[EGGSCHANGE] Set-DeliveryAddress id=883bca89cbc8449e9be87bd29f6f7e38
[EGGSCHANGE] Update-EggContent id=7dd38ec993854311b30f54253d8a9fa8
[EGGSCHANGE] Get-EggStatus id=94676e5a2ac848f9b5eb7ac44b56cf65
[EGGSCHANGE] Set-DeliveryAddress id=fad2870a42d64a3abd83b1e5a8c04957
[EGGSCHANGE] Set-DeliveryAddress id=3f51d22e22024ef59edb08edff1f85b7
[EGGNET] Get-EggsChangeHealth
[EGGSCHANGE] Update-EggContent id=05ebd11331a54153bbd456b179bc3b6e
[EGGSCHANGE] Send-HealthStatus status=ok
[EGGSCHANGE] Update-EggContent id=dcb7b5adefff46db9ca5ece093009049
[EGGSCHANGE] Get-EggStatus id=efff42222daa42c78758ea0c3f8b1dd7
[EGGNET] Set-EggsChangeHealth health=ok
[EGGSCHANGE] Get-EggStatus id=b1643f2bfee34b2fbfef1482c3bbd190
[EGGSCHANGE] Set-DeliveryAddress id=63899bb4e24345289af9448462e3979f
[EGGSCHANGE] Get-EggStatus id=bbfc297065104d80985bceb9ee17ac44
[EGGSCHANGE] Get-EggStatus id=427bb0b5eb75437a99a1ba091a4d90be
[EGGSCHANGE] Get-EggStatus id=5d25bfb6b5f64b8c94b984bb492b0e72
[EGGSCHANGE] Update-EggContent id=270dcb9e1f384dd48569e41833361347
[EGGSCHANGE] Set-DeliveryAddress id=5399a363d6f64731908c760c768837aa
[EGGSCHANGE] Update-EggContent id=60136418241041ae90b5b02a6fc6a87f
[EGGSCHANGE] Get-EggStatus id=bc8f4f41330745b1a5a59c21bd55b365
[EGGSCHANGE] Get-EggStatus id=eb8aafda2d3a45509d9c8cdbb55bce37
[EGGSCHANGE] Set-DeliveryAddress id=37e905767d744672add4bbc57e0e6f8d
[EGGSCHANGE] Update-EggContent id=a0aa98167ff645bab29bf0ba59759e17
[EGGSCHANGE] Update-EggContent id=efa95a92f7014694af7f7381fc412a92
[EGGSCHANGE] Update-EggContent id=ea8c887128aa427d9cf9b3f802710402
[EGGNET] Get-EggsChangeHealth
[EGGSCHANGE] Get-EggStatus id=0f56588f120e40a2bd088b3c744af2f0
[EGGSCHANGE] Send-HealthStatus status=ok
[EGGSCHANGE] Set-DeliveryAddress id=122a352873d144c1b2bdd7316be15d9a
[EGGNET] Set-EggsChangeHealth health=ok
[EGGSCHANGE] Update-EggContent id=ca764b34b8db4daab6ccc6cac2d6120d
[EGGNET] Get-EggsChangeHealth
[EGGSCHANGE] Set-DeliveryAddress id=dd756d940a7c444283e11b9808b356c7
[EGGSCHANGE] Send-HealthStatus status=ok
[EGGSCHANGE] Set-DeliveryAddress id=3b97eecd8cb04857b0629cad7efc83dc
[EGGNET] Set-EggsChangeHealth health=ok
[EGGSCHANGE] Update-EggContent id=d311f9edf2dc467093eb020a82982501
[EGGSCHANGE] Update-EggContent id=a54d62f40a3a457d8169f8a1b2c7cd00
[EGGSCHANGE] Update-EggContent id=432c93ab0d10480896953bde77afc9c6
[EGGNET] Get-EggsChangeHealth
[EGGSCHANGE] Update-EggContent id=d311f2908ace473cbdbb485446cce199
[EGGSCHANGE] Send-HealthStatus status=ok
[EGGSCHANGE] Update-EggContent id=1be96d25fec34663ba1f5f8e20475fac
[EGGSCHANGE] Set-DeliveryAddress id=019b63387cca472eb88cafc68e9492be
[EGGNET] Set-EggsChangeHealth health=ok
[EGGSCHANGE] Set-DeliveryAddress id=3ec4143b61c74811b5e4c55ffa4af2e3
[EGGNET] Get-EggsChangeHealth
[EGGSCHANGE] Get-EggStatus id=31833df89f1d44119148e805ff2dad39
[EGGSCHANGE] Update-EggContent id=0780407c4b724498aee98eeca3f8604d
[EGGSCHANGE] Send-HealthStatus status=ok
[EGGSCHANGE] Update-EggContent id=008303bcbdeb4e8087a432ce57c02216
[EGGSCHANGE] Update-EggContent id=a23f81c35b624e979c12bf68c33d1599
[EGGNET] Set-EggsChangeHealth health=ok
[EGGSCHANGE] Update-EggContent id=82135d03287d4e20a194edf797f9da48
[EGGNET] Get-EggsChangeHealth
[EGGSCHANGE] Update-EggContent id=8c64815602d8441db60a4422eb0ec8c5
[EGGSCHANGE] Send-HealthStatus status=ok
[EGGSCHANGE] Set-DeliveryAddress id=9b1ef8b4b3294f2fb63de6e34678452a
[EGGSCHANGE] Set-DeliveryAddress id=b631dc993a434fbfb7d1a4153522f07b
[EGGSCHANGE] Set-DeliveryAddress id=635b5d9f61724d46989963f3ca00d88d
[EGGSCHANGE] Set-DeliveryAddress id=711f04a40c0b416b896149a9feed0115
[EGGSCHANGE] Set-DeliveryAddress id=25436d109ed1410fbdaa15c049c353e9
[EGGNET] Set-EggsChangeHealth health=ok
[EGGSCHANGE] Set-DeliveryAddress id=8b6e5854e3b0463aa030ece35d5782a4
[EGGSCHANGE] Set-DeliveryAddress id=2ab3e2d0c5154e94943abefa8cf5a012
[EGGSCHANGE] Update-EggContent id=7d3bcdc40d3a4bcbaad73fca893bcc95
[EGGSCHANGE] Update-EggContent id=3919842c25ec4689834105d6611d101c
[EGGSCHANGE] Set-DeliveryAddress id=a138a5bfd18142e69ef40a9809cb0367
[EGGSCHANGE] Update-EggContent id=69bfd51d574743b29b446f8aa7947366
[EGGNET] Get-EggsChangeHealth
[EGGSCHANGE] Update-EggContent id=460382815c254c3781fab0773381c0f0
[EGGSCHANGE] Send-HealthStatus status=ok
[EGGSCHANGE] Get-EggStatus id=2f58e938e7d14e9da59f6d4b576a9508
[EGGSCHANGE] Set-DeliveryAddress id=7cd40d355f7c405780539fc126f183c2
[EGGSCHANGE] Update-EggContent id=cb6a824e2a0d4642b4c303839a7ad0a5
[EGGSCHANGE] Set-DeliveryAddress id=15b37f60e82e4c288aef5e541cd47759
[EGGNET] Set-EggsChangeHealth health=ok
[EGGSCHANGE] Set-DeliveryAddress id=b4c7c9193caa48a9be236cae263f5785
[EGGNET] Get-EggsChangeHealth
[EGGSCHANGE] Set-DeliveryAddress id=66e1ca34db7d4a7e905fd94db1b2e78a
[EGGSCHANGE] Set-DeliveryAddress id=1afcfbd6baae4dbe80701def0fd11020
[EGGSCHANGE] Send-HealthStatus status=ok
[EGGSCHANGE] Get-EggStatus id=911fd8d276fe461eb54e2aca93a1a714
[EGGNET] Set-EggsChangeHealth health=ok
[EGGSCHANGE] Set-DeliveryAddress id=4018091bc37a462fb9062e49a3f599cc
[EGGSCHANGE] Set-DeliveryAddress id=fd210ec0e156444d971501d9b7cd0587
[EGGSCHANGE] Update-EggContent id=abe45b5f104d42d7ba90ca53109125e3
[EGGSCHANGE] Set-DeliveryAddress id=373b14a13c8f45e78f4c89834f503d6c
[EGGSCHANGE] Get-EggStatus id=3139907e2f2a4e97946a5abc3651b5d8
[EGGNET] Get-EggsChangeHealth
[EGGSCHANGE] Get-EggStatus id=70691409a0084ec1a5e4e8f6461a2517
[EGGSCHANGE] Send-HealthStatus status=ok
[EGGSCHANGE] Set-DeliveryAddress id=30707cce1026472d8bd449246b43974f
[EGGSCHANGE] Get-EggStatus id=810f72ea32654fb2b65d1f860986a257
[EGGNET] Set-EggsChangeHealth health=ok
[EGGSCHANGE] Get-EggStatus id=8349441f54194319b865b3ae4887decb
[EGGNET] Get-EggsChangeHealth
[EGGSCHANGE] Get-EggStatus id=91b86355a37c425781852cd39f7efe06
[EGGSCHANGE] Send-HealthStatus status=ok
[EGGSCHANGE] Set-DeliveryAddress id=e578c3b62fe34f519ff0d700c615d98c
[EGGNET] Set-EggsChangeHealth health=ok
[EGGSCHANGE] Set-DeliveryAddress id=e190a649c25c49e4ba12944869b0ed7a
[EGGSCHANGE] Update-EggContent id=85c56d8ada434fe093d1b0989bdc58a4
[EGGNET] Get-EggsChangeHealth
[EGGSCHANGE] Update-EggContent id=471c3deef31a462eb959c6754ccb3979
[EGGSCHANGE] Send-HealthStatus status=ok
[EGGSCHANGE] Get-EggStatus id=f0adf93e3e7a437a923b0182fba06c00
[EGGNET] Set-EggsChangeHealth health=ok
[EGGSCHANGE] Update-EggContent id=f26b232594974c35b123e063e05e4090
[EGGNET] Get-EggsChangeHealth
[EGGSCHANGE] Update-EggContent id=d7bb2e079b3848c6a974d0b43d85e06f
[EGGSCHANGE] Set-DeliveryAddress id=9deb5b479c64486691b6e90660d138f3
[EGGSCHANGE] Send-HealthStatus status=ok
[EGGSCHANGE] Set-DeliveryAddress id=3134e11f80d74b0b80df92a2e1b778d3
[EGGSCHANGE] Get-EggStatus id=73af85b269394aebaf6227aa7835c5c0
[EGGNET] Set-EggsChangeHealth health=ok
[EGGSCHANGE] Get-EggStatus id=aac463a406cd45ef9ca99fb239437417
[EGGSCHANGE] Get-EggStatus id=f8ce85e459d249fcb64b9a1418240e0b
[EGGSCHANGE] Set-DeliveryAddress id=e44e74a9261847609fb02406827174ae
[EGGNET] Get-EggsChangeHealth
[EGGSCHANGE] Set-DeliveryAddress id=56cfd36768724f44ad3ebb5aa18cc8cd
[EGGSCHANGE] Send-HealthStatus status=ok
[EGGSCHANGE] Get-EggStatus id=77a948f1a89b42e4bbca4cf2944244ff
[EGGNET] Set-EggsChangeHealth health=ok
[EGGSCHANGE] Set-DeliveryAddress id=e938b1c9fd9d4cb19439189b40cb0161
[EGGSCHANGE] Set-DeliveryAddress id=c337d09d0f954459a1fc12f23fb1ac5e
[EGGSCHANGE] Get-EggStatus id=4e6cdd46af5c4ae1b01831781fb54bde
[EGGSCHANGE] Set-DeliveryAddress id=3aca5fba33134b028327bfdfaed9565f
[EGGSCHANGE] Update-EggContent id=6f76a43e000a4f33ad9acd4017201feb
[EGGSCHANGE] Set-DeliveryAddress id=859263e264c040088e4813257610e3fe
[EGGSCHANGE] Get-EggStatus id=0041a7cf4c9748778527b7d5c1b106a8
[EGGNET] Get-EggsChangeHealth
[EGGSCHANGE] Set-DeliveryAddress id=f0a27fa8a8ae4296a162d5f7af4e0ea2
[EGGSCHANGE] Update-EggContent id=0efa887a67044875bd5d1273243dc7c8
[EGGSCHANGE] Send-HealthStatus status=ok
[EGGSCHANGE] Set-DeliveryAddress id=66c55dc449fd43198deb8e30d7f214b5
[EGGNET] Set-EggsChangeHealth health=ok
[EGGSCHANGE] Get-EggStatus id=8f0362dc3bea4ffba765ce9a9c8f124b
[EGGSCHANGE] Update-EggContent id=307c5bfd478a444c8dd56bb6d49f4715
[EGGSCHANGE] Update-EggContent id=15bcceef9f9f4b0db27663fd69371b98
[EGGSCHANGE] Set-DeliveryAddress id=56b4516d5d76453e91d51a8017f27006
[EGGSCHANGE] Get-EggStatus id=189c999c759a45c9840f2c59e4c87215
[EGGSCHANGE] Set-DeliveryAddress id=75449d25c1ff434dbd17e019871e8596
[EGGSCHANGE] Get-EggStatus id=be30f8b0792f49b6944569f523e80116
[EGGNET] Get-EggsChangeHealth
[EGGSCHANGE] Set-DeliveryAddress id=18d3107dfaa14d558ec2f01c0358dedf
[EGGSCHANGE] Send-HealthStatus status=ok
[EGGSCHANGE] Get-EggStatus id=dafda3aa1a7b41149b8bb6c7ade3e933
[EGGNET] Set-EggsChangeHealth health=ok
[EGGSCHANGE] Get-EggStatus id=94564b55450f4ad7b3ff437cf468c669
[EGGSCHANGE] Update-EggContent id=9c76a98fa73645eca02998174493b711
[EGGSCHANGE] Set-DeliveryAddress id=5fae342568cd4fffb72ee8ba6363953b
[EGGSCHANGE] Update-EggContent id=00746cb0da9f499fb6eb62933fea4967
[EGGSCHANGE] Update-EggContent id=971458dcc5e548d3ab3f3a8992a3956e
[EGGNET] Get-EggsChangeHealth
[EGGSCHANGE] Update-EggContent id=140da707ba6f4e8e9b387a3001c364da
[EGGSCHANGE] Send-HealthStatus status=ok
[EGGSCHANGE] Set-DeliveryAddress id=39a654db00f346e4940ef900d9e086bf
[EGGNET] Set-EggsChangeHealth health=ok
[EGGSCHANGE] Get-EggStatus id=1589b4f8332c41f5898b67318cc5df5d
[EGGSCHANGE] Update-EggContent id=82d510208ffa444c858c9834cf7f9ac7
[EGGNET] Get-EggsChangeHealth
[EGGSCHANGE] Get-EggStatus id=e5ea71e00dcc4bde987f7624eba94b49
[EGGSCHANGE] Update-EggContent id=85897cec495e44c9a47db61fd1bc185b
[EGGSCHANGE] Send-HealthStatus status=ok
[EGGSCHANGE] Set-DeliveryAddress id=f08a5878d21b467bbd748f79d2c56d19
[EGGSCHANGE] Set-DeliveryAddress id=387e1537a2d24e819a7e0b51b40f5ddc
[EGGSCHANGE] Get-EggStatus id=09fb5242e2814484afef0b37f691a44c
[EGGSCHANGE] Get-EggStatus id=c576f4dfdedb47ad8efc6dd887ed52a8
[EGGSCHANGE] Set-DeliveryAddress id=4d88118fd6f246728591ec7e87eaac6a
[EGGNET] Set-EggsChangeHealth health=ok
[EGGSCHANGE] Get-EggStatus id=02a19e5b2a1b449d92721eafffc0896f
[EGGSCHANGE] Update-EggContent id=c5622fe68cca44288dc0f61da860de4f
[EGGNET] Get-EggsChangeHealth
[EGGSCHANGE] Update-EggContent id=4337abd4458540b1b2b539c9f29123e0
[EGGSCHANGE] Send-HealthStatus status=ok
[EGGSCHANGE] Update-EggContent id=4e67df11e78b44b3b65ae256270ee12a
[EGGSCHANGE] Set-DeliveryAddress id=d5391c3258414178b8e7ce336568f0c8
[EGGSCHANGE] Update-EggContent id=cc21e4a917da435798883f7ba39affe8
[EGGNET] Set-EggsChangeHealth health=ok
[EGGSCHANGE] Set-DeliveryAddress id=2a95a09febb74f99995e57233eac6bc6
[EGGSCHANGE] Update-EggContent id=f30cd342745b415eaf0da2c61b8b161a
[EGGSCHANGE] Set-DeliveryAddress id=67fc37c0ac5647af9a1a1a261b8bb241
[EGGSCHANGE] Update-EggContent id=1fafbaa315a8417f9e4a76df6cd593ef
[EGGSCHANGE] Update-EggContent id=1b1744b13f4e4aed8b9a52e632f7ff44
[EGGSCHANGE] Set-DeliveryAddress id=5baa057c29494c94b54ab6bf124e5911
[EGGSCHANGE] Get-EggStatus id=300893ff75784752b481e050ada26d55
[EGGSCHANGE] Update-EggContent id=2e43f7da8d8a4779b46a795a477bc856
[EGGNET] Get-EggsChangeHealth
[EGGSCHANGE] Set-DeliveryAddress id=e86fe2945a174b95a9e60af10048ab26
[EGGSCHANGE] Send-HealthStatus status=ok
[EGGSCHANGE] Update-EggContent id=4e8d6d0d7cc7462f954f5cad2d8a54c8
[EGGSCHANGE] Get-EggStatus id=a128bc80f115424587e7f6f225f8ae24
[EGGSCHANGE] Update-EggContent id=108cdf56d5084eaaa1d65b3f39bed485
[EGGSCHANGE] Get-EggStatus id=33108eab2cea4b618e21aff017776f3e
[EGGSCHANGE] Update-EggContent id=12440c4786fa40d79dfa5bde679d2114
[EGGNET] Set-EggsChangeHealth health=ok
[EGGSCHANGE] Get-EggStatus id=07af24afb1434d1f85e3a696aa5c774e
[EGGSCHANGE] Get-EggStatus id=3297ee75ec2045919a521b1a4076f854
[EGGSCHANGE] Update-EggContent id=12c1aebbed29469a8b677929c12b1a59
[EGGSCHANGE] Get-EggStatus id=c5c2b0072c5143c0ab901066a8b100a7
[EGGSCHANGE] Set-DeliveryAddress id=0300c5953211467e8ef4df30cf1ccf8c
[EGGSCHANGE] Set-DeliveryAddress id=997445b598b74d1a9575ffc50fb5efed
[EGGSCHANGE] Update-EggContent id=4a4623eefe9b49b58661c8f5af04a300
[EGGSCHANGE] Get-EggStatus id=b53e02ba043b4908a543bb6fad91ae22
[EGGSCHANGE] Update-EggContent id=03c5be9ed5fd48b9869011cb868ff91a
[EGGSCHANGE] Update-EggContent id=ca050cf87c0f4d8eadf9a130ed8b4114
[EGGSCHANGE] Set-DeliveryAddress id=4aafd3eb57074408a4988b7ab2e86414
[EGGNET] Get-EggsChangeHealth
[EGGSCHANGE] Get-EggStatus id=cd1399f0ccb64860ae9bf9a20ad00c87
[EGGSCHANGE] Send-HealthStatus status=ok
[EGGSCHANGE] Set-DeliveryAddress id=1e39329b0b8e4d968139123e662a005b
[EGGSCHANGE] Set-DeliveryAddress id=3fdf142b026d49dc813097cdf1fb445e
[EGGSCHANGE] Update-EggContent id=36fd314dda794256aba2b56cb0aa60f2
[EGGSCHANGE] Get-EggStatus id=9ee917d892f0473cb3b1e881a027dd53
[EGGSCHANGE] Set-DeliveryAddress id=151f785a82ec4b13b0038f07aeef308a
[EGGSCHANGE] Set-DeliveryAddress id=d0ed21a01c6846979674623c0c128202
[EGGNET] Set-EggsChangeHealth health=ok
[EGGSCHANGE] Update-EggContent id=f0e071f391dd4bd4a112ed05cabfbc2b
[EGGNET] Get-EggsChangeHealth
[EGGSCHANGE] Set-DeliveryAddress id=2831a933d3e5460a938cbbf9c99fd379
[EGGSCHANGE] Send-HealthStatus status=ok
[EGGSCHANGE] Get-EggStatus id=417c77eae6ef4d648470fcda7145c614
[EGGNET] Set-EggsChangeHealth health=ok
[EGGSCHANGE] Set-DeliveryAddress id=2a1f0dbd60d8499792b66db26e413a6b
[EGGSCHANGE] Set-DeliveryAddress id=92db5a80430d46738a8611b10e6f7fc9
[EGGNET] Get-EggsChangeHealth
[EGGSCHANGE] Set-DeliveryAddress id=24f538cd43a64471933ba50ec2a29739
[EGGSCHANGE] Send-HealthStatus status=ok
[EGGSCHANGE] Get-EggStatus id=a35d718d71484d30a359939aed1de1f8
[EGGSCHANGE] Get-EggStatus id=7473346296514d7fa535a896b12934d4
[EGGNET] Set-EggsChangeHealth health=ok
[EGGSCHANGE] Set-DeliveryAddress id=db3eed73bbca4d88a7ae528b5fbe6ec6
[EGGSCHANGE] Set-DeliveryAddress id=afb2851d75f442729ae244484bcca4b0
[EGGSCHANGE] Get-EggStatus id=98604122ee924347ae6adc2daa644549
[EGGSCHANGE] Set-DeliveryAddress id=5c3cf794381541e3b8a053738d971c94
[EGGNET] Get-EggsChangeHealth
[EGGSCHANGE] Set-DeliveryAddress id=c8407644b9d14e68b4ebe2cac17cfd9b
[EGGSCHANGE] Send-HealthStatus status=ok
[EGGSCHANGE] Get-EggStatus id=d162f32f68234a7b9848c0720a070f1b
[EGGSCHANGE] Get-EggStatus id=3c7ef5a841a24a1bb41c3f56ac92f350
[EGGNET] Set-EggsChangeHealth health=ok
[EGGSCHANGE] Set-DeliveryAddress id=032a5c43514b4c398748a0e02bd39da3
[EGGSCHANGE] Update-EggContent id=a1e7e37675f24cd09571f67b1f9e6fc0
[EGGSCHANGE] Get-EggStatus id=7153263e9e0b450caa70ce880855d6cb
[EGGSCHANGE] Update-EggContent id=6b2d2abd9df4497a99eceb713182bdba
[EGGSCHANGE] Update-EggContent id=fea9f99eee6a413690728395a57c175e
[EGGNET] Get-EggsChangeHealth
[EGGSCHANGE] Get-EggStatus id=895814874f0f4c9b8d7b7f2029b06a5f
[EGGSCHANGE] Get-EggStatus id=e4a1c5f2a75949368f365e5feb3947b8
[EGGSCHANGE] Get-EggStatus id=a55bfa3f4f9845b4b7790d13992ccba2
[EGGSCHANGE] Set-DeliveryAddress id=be9f4e854a354a15abbef2d71c2b6168
[EGGSCHANGE] Send-HealthStatus status=ok
[EGGSCHANGE] Get-EggStatus id=0ce0070f0bf3460fa76ae0ecd6c9d7f5
[EGGNET] Set-EggsChangeHealth health=ok
[EGGSCHANGE] Set-DeliveryAddress id=8ec7e495b36d4beb9383568466c6a6e8
[EGGSCHANGE] Update-EggContent id=627f1741bd04457facb1dbf210186322
[EGGSCHANGE] Set-DeliveryAddress id=1f672cda536e4bbcb5b1a8ad41bec1ec
[EGGSCHANGE] Get-EggStatus id=666fe163e0e1424caa3db73a18a4fc3e
[EGGSCHANGE] Get-EggStatus id=e427f2423de042f5bdc9ee195e62e855
[EGGSCHANGE] Update-EggContent id=fdf5ac2f778c48ba8d40e5a05d6c36e8
[EGGSCHANGE] Update-EggContent id=40f0eedae15746948c506a1b48c6781e
[EGGSCHANGE] Get-EggStatus id=ea6f5ddb4302488a856140b6c28bbe7c
[EGGNET] Get-EggsChangeHealth
[EGGSCHANGE] Set-DeliveryAddress id=598ea5ef54074438b1e5c3b24c98715e
[EGGSCHANGE] Set-DeliveryAddress id=93b791b74a6e4748a1c912a6e5770766
[EGGSCHANGE] Update-EggContent id=17602d0033104112b5e938de547571fd
[EGGSCHANGE] Send-HealthStatus status=ok
[EGGSCHANGE] Get-EggStatus id=93548c56f86b4d4d9ae09d08511323cc
[EGGSCHANGE] Get-EggStatus id=84a11e75b8fe407ab6b748c1ba453c5c
[EGGSCHANGE] Update-EggContent id=cf4912ac7b78499188906e78ea0fd1ce
[EGGNET] Set-EggsChangeHealth health=ok
[EGGSCHANGE] Get-EggStatus id=ec5fbbc238fd4b23a1ed15358dc5cd86
[EGGSCHANGE] Update-EggContent id=d9a9a3e13768422a8b2ff97c9c87e092
[EGGSCHANGE] Get-EggStatus id=38e30393ff644bafa88d00c8de62e5a6
[EGGNET] Get-EggsChangeHealth
[EGGSCHANGE] Set-DeliveryAddress id=3641746ee10e45cca154647e456c8051
[EGGSCHANGE] Update-EggContent id=aa821b807c964673ac6b9d75b02469a4
[EGGSCHANGE] Send-HealthStatus status=ok
[EGGSCHANGE] Update-EggContent id=b26115a49e52433faca1ffed8defa857
[EGGSCHANGE] Update-EggContent id=59afc0a9722540919977b7a0774972f1
[EGGNET] Set-EggsChangeHealth health=ok
[EGGSCHANGE] Update-EggContent id=942de5d006d948b6b696f4c45d3233f9
[EGGSCHANGE] Set-DeliveryAddress id=6bce72f4a9624a89addc98c2d67c2b9f
[EGGSCHANGE] Get-EggStatus id=cbb7ceb15b624fbf81e10a69c6051368
[EGGSCHANGE] Get-EggStatus id=6c1c556feb4d410aa724f5da76c5e7ef
[EGGSCHANGE] Update-EggContent id=7c07289767944cddb21e4b32aadf354b
[EGGSCHANGE] Update-EggContent id=afb8564c9c69485fa57eaae997fa0bb2
[EGGNET] Get-EggsChangeHealth
[EGGSCHANGE] Set-DeliveryAddress id=871a45a885494de39813b4df486b119d
[EGGSCHANGE] Send-HealthStatus status=ok
[EGGSCHANGE] Set-DeliveryAddress id=4f362392ebd34d2882dc31397e24d2ac
[EGGSCHANGE] Set-DeliveryAddress id=798a886d001342418c38ad35746f00a6
[EGGSCHANGE] Update-EggContent id=3b4f1161330547fd8c157e99bbc61bfe
[EGGSCHANGE] Set-DeliveryAddress id=f8421df85b53482b8aa38f9d5d5be3cc
[EGGSCHANGE] Set-DeliveryAddress id=2faf86ddba9d4126b51ba78836d8df98
[EGGSCHANGE] Set-DeliveryAddress id=6c376b30cef843fa84cf6576ac098493
[EGGSCHANGE] Update-EggContent id=88f1ca39e70142efae835f220ce2190e
[EGGSCHANGE] Update-EggContent id=97b7e5f8721f4e32acce4f5b8e10b6da
[EGGSCHANGE] Update-EggContent id=1c20c9ee2b174ad193c20c9b9983a8a0
[EGGSCHANGE] Get-EggStatus id=3e177d1c3e344440aaec8e03cbb33ba0
[EGGNET] Set-EggsChangeHealth health=ok
[EGGSCHANGE] Update-EggContent id=389164ca5bf14b8bb4e11e2707157213
[EGGSCHANGE] Update-EggContent id=13349c8d9c844ba9a6f0303aca363606
[EGGSCHANGE] Update-EggContent id=09c582dbca774cb5b2f5521db81cf4c5
[EGGSCHANGE] Get-EggStatus id=05977b68c93445cc8d7b5b099b189ad1
[EGGNET] Get-EggsChangeHealth
[EGGSCHANGE] Get-EggStatus id=a1f80038dcd04c72902c1c0881377ff0
[EGGSCHANGE] Send-HealthStatus status=ok
[EGGSCHANGE] Get-EggStatus id=fe8ee8d52d06407aa719c1059c8107a6
[EGGSCHANGE] Update-EggContent id=38ff3e9c0d7c465286eb57db48fefc93
[EGGSCHANGE] Set-DeliveryAddress id=7980376b34f3405b9ccc88bdaa29c12e
[EGGNET] Set-EggsChangeHealth health=ok
[EGGSCHANGE] Update-EggContent id=13020c9185be4dcabb1170fa27ad9ac0
[EGGSCHANGE] Update-EggContent id=5eb4bbfab19c4291b8bab4b21f85f409
[EGGSCHANGE] Get-EggStatus id=338fd74a6ee24f499c4e3151e15297ba
[EGGSCHANGE] Update-EggContent id=27ab17dc44fd4a8fb006e931df4fb2f3
[EGGSCHANGE] Get-EggStatus id=3b785ca513b94165bc0236a365008132
[EGGNET] Get-EggsChangeHealth
[EGGSCHANGE] Update-EggContent id=5f5e054325fb44369dd40141fd36b3d3
[EGGSCHANGE] Send-HealthStatus status=ok
[EGGSCHANGE] Get-EggStatus id=cbe1162d5e8241daac20edb87dcce8d7
[EGGSCHANGE] Set-DeliveryAddress id=6623e92ecc1f459980d2cd341a6acd14
[EGGSCHANGE] Update-EggContent id=ffc807ee2fc04457b2fbeb272990ff87
[EGGNET] Set-EggsChangeHealth health=ok
[EGGSCHANGE] Get-EggStatus id=36fd038a3be04f21871edd02fbf1953e
[EGGSCHANGE] Update-EggContent id=0931cf143bf04b389fcdee5035f3ff86
[EGGSCHANGE] Set-DeliveryAddress id=b07af8559d8145acbf3af1abdcd62821
[EGGSCHANGE] Update-EggContent id=0d50775d5c3f41259bab57fa87a384e6
[EGGNET] Get-EggsChangeHealth
[EGGSCHANGE] Update-EggContent id=946fee7ef78140f69a3cfb97c315fb09
[EGGSCHANGE] Send-HealthStatus status=ok
[EGGSCHANGE] Update-EggContent id=36874bec09084f29a30f8d3710ef3be0
[EGGSCHANGE] Set-DeliveryAddress id=db6e282d49d44fe092dcb3bd152f7f5f
[EGGNET] Set-EggsChangeHealth health=ok
[EGGSCHANGE] Get-EggStatus id=cdbb0b58fc1c4ef6a4c465479d7e7a5c
[EGGSCHANGE] Update-EggContent id=8972e233ed4f499e9326ebcdc412a374
[EGGSCHANGE] Set-DeliveryAddress id=55b8475256714255aeae10734950f498
[EGGSCHANGE] Update-EggContent id=493b877285b544adb653212637fcc7da
[EGGSCHANGE] Update-EggContent id=99dc4f4d32da42c7bbe40dbf2c1a4c9f
[EGGSCHANGE] Update-EggContent id=98824d5f0759407da1b6b0589865dc8b
[EGGSCHANGE] Update-EggContent id=9c4e606f59fe4ced9275df23abc6eed9
[EGGSCHANGE] Set-DeliveryAddress id=e66de8aef9bf40d5bd9bff78db11a822
[EGGSCHANGE] Set-DeliveryAddress id=c0f5b3b7a308495db7746b475030f46b
[EGGSCHANGE] Set-DeliveryAddress id=3dabd3a50074426aa016b8aa07dd9af2
[EGGSCHANGE] Get-EggStatus id=afbc0fded86647579a387da4c89d0adb
[EGGSCHANGE] Get-EggStatus id=f17f6969ffd4491dbea04c3372e84d1a
[EGGSCHANGE] Update-EggContent id=4a7b45aa16d444a788b23f37d786ee5b
[EGGSCHANGE] Get-EggStatus id=98b71bdaeec14b6d8780dae9fd26d285
[EGGSCHANGE] Set-DeliveryAddress id=f96a7182eda741b7b72e6c5e8b5c45d2
[EGGNET] Get-EggsChangeHealth
[EGGSCHANGE] Set-DeliveryAddress id=4ff90d97354c47acbac009f9e0575985
[EGGSCHANGE] Set-DeliveryAddress id=8ed3adc6caf14e69bae6ebf9333ff650
[EGGSCHANGE] Set-DeliveryAddress id=51d08f6cf222414d8b68479524337704
[EGGSCHANGE] Send-HealthStatus status=ok
[EGGSCHANGE] Set-DeliveryAddress id=c8cd583b813d4eb3a920aad99f85b309
[EGGSCHANGE] Update-EggContent id=db525f2b09f54258b529c50bd2e525db
[EGGNET] Set-EggsChangeHealth health=ok
[EGGSCHANGE] Get-EggStatus id=9352473a66794f03983d9889e837fabf
[EGGNET] Get-EggsChangeHealth
[EGGSCHANGE] Get-EggStatus id=51ba27cc75d54aa8bd429dd03fb3d4d6
[EGGSCHANGE] Send-HealthStatus status=ok
[EGGSCHANGE] Get-EggStatus id=1628f37453614ccea0eba6ff05d76d1a
[EGGNET] Set-EggsChangeHealth health=ok
[EGGSCHANGE] Set-DeliveryAddress id=2524b35a55e84f6d9babe02324d62930
[EGGNET] Get-EggsChangeHealth
[EGGSCHANGE] Set-DeliveryAddress id=cb0a72d0823f4667895eaa5230a7f02a
[EGGSCHANGE] Get-EggStatus id=764ddf0b799b420dafcbb6e35ca55695
[EGGSCHANGE] Update-EggContent id=ae93e0a1031343bfb793465b397da17e
[EGGSCHANGE] Send-HealthStatus status=ok
[EGGSCHANGE] Update-EggContent id=1cba75568c2547b681735ffce95e9deb
[EGGSCHANGE] Set-DeliveryAddress id=92e30ec03669425788fbdfe6e70fd88d
[EGGSCHANGE] Set-DeliveryAddress id=5ac2492adb214df4afd712e84b0c5248
[EGGSCHANGE] Get-EggStatus id=7f9fc4f5ca9447a1997ff57ebe27871b
[EGGNET] Set-EggsChangeHealth health=ok
[EGGSCHANGE] Get-EggStatus id=c4fc5a3bd3034bc0b60876dce73a3189
[EGGSCHANGE] Update-EggContent id=8469f3d603444f6b9e3c03e99be6d602
[EGGNET] Get-EggsChangeHealth
[EGGSCHANGE] Set-DeliveryAddress id=540e6c8de71841bcb304802c9bddfcd4
[EGGSCHANGE] Send-HealthStatus status=ok
[EGGSCHANGE] Get-EggStatus id=287526ea4678461e8ac0ab65ef7d740c
[EGGSCHANGE] Update-EggContent id=15f2d1493ae14f95b9e77e44a90b5c1a
[EGGSCHANGE] Set-DeliveryAddress id=fb16d83f475a4ccaa6f7d502d7f04316
[EGGSCHANGE] Set-DeliveryAddress id=cfeb9ae2d17f400d981b35c2091e29f8
[EGGNET] Set-EggsChangeHealth health=ok
[EGGSCHANGE] Set-DeliveryAddress id=992ffb9b0d1743edb607328110bf8de9
[EGGSCHANGE] Get-EggStatus id=212728ba8e5441c5b142dc95b82d5d44
[EGGSCHANGE] Update-EggContent id=4e3d63b5455b4bf186f9caff53178f54
[EGGSCHANGE] Get-EggStatus id=fccaccb70d7d4a459d5c822f085e1841
[EGGSCHANGE] Update-EggContent id=3e4b75383b344be5b2eaf8bffcc63617
[EGGNET] Get-EggsChangeHealth
[EGGSCHANGE] Get-EggStatus id=b68c682671074b2a8390d764a2b18d99
[EGGSCHANGE] Send-HealthStatus status=ok
[EGGSCHANGE] Get-EggStatus id=e3b83aaf0bf54a7db7db8fe9ecf96556
[EGGNET] Set-EggsChangeHealth health=ok
[EGGSCHANGE] Get-EggStatus id=72b7e0e9a4274c01844031c97c9277ef
[EGGSCHANGE] Get-EggStatus id=5da13cbc90124d7aae3648feb7fc7182
[EGGSCHANGE] Set-DeliveryAddress id=c229523e8e7c4fdfa440b376083dbf41
[EGGSCHANGE] Set-DeliveryAddress id=86646293716a4c7ba2b5f7df5d9fae17
[EGGSCHANGE] Get-EggStatus id=7ce64e5ecd784d4aa6639d8e54ad7193
[EGGSCHANGE] Set-DeliveryAddress id=a9bc0250b0634e9cbc4957890c8c1e69
[EGGSCHANGE] Set-DeliveryAddress id=08a73cfe8a42408b92abed5baac58bfd
[EGGSCHANGE] Set-DeliveryAddress id=c3b75a84e2984e0792916f069b0048b5
[EGGNET] Get-EggsChangeHealth
[EGGSCHANGE] Update-EggContent id=72c1d0b6f0e44bce980b571211e04bd6
[EGGSCHANGE] Send-HealthStatus status=ok
[EGGSCHANGE] Set-DeliveryAddress id=2f228d876a62492492a76e8b16d93b9b
[EGGNET] Set-EggsChangeHealth health=ok
[EGGNET] Get-AvailableEggnetUpdates git@paaschecomsulting/eggschange
[EGGSCHANGE] Update-EggContent id=0a97231987e247da9f26517172dd56b5
[EGGSCHANGE] Update-EggContent id=e19278100f7f490f9531f5fb1241fe90
[EGGSCHANGE] Get-EggStatus id=bef854c821c04a92b012bf42ce71c3cf
[EGGNET] Get-EggsChangeHealth
[EGGSCHANGE] Set-DeliveryAddress id=0bea61679ac648bb9c5fac74fc57e46b
[EGGSCHANGE] Send-HealthStatus status=ok
[EGGSCHANGE] Update-EggContent id=f9c057294aae473cb0134868aefbf32c
[EGGNET] Set-UpdateStatus status=UpdateAvailabel
[EGGNET] Send-NewEggsChangeUpdate update=2.e66
[EGGSCHANGE] Set-DeliveryAddress id=0cd555bb4bb94466bbff809bc840a80a
[EGGSCHANGE] Set-DeliveryAddress id=ca84059bcf59417da14e05cf8eeff8e4
[EGGSCHANGE] Set-DeliveryAddress id=e58381696b44450b886b0cc958c7183d
[EGGNET] Set-EggsChangeHealth health=ok
[EGGSCHANGE] Update-EggContent id=bcff9cfa57de4fb1a76cc3b75a108b5d
[EGGNET] Get-EggsChangeHealth
[EGGSCHANGE] Update-EggContent id=5d6c3239d8b64ad78ca9749ac22a8b31
[EGGSCHANGE] Get-EggStatus id=63a50df11ce04b3992f4d83a980e4780
[EGGSCHANGE] Get-NewUpdate git@paaschecomsulting/eggschange
[EGGSCHANGE] Set-DeliveryAddress id=757929db9030410f95767cafbe492cac
[EGGSCHANGE] Send-HealthStatus status=ok
[EGGSCHANGE] Update-EggContent id=ffa836436d884caf9ae01d1654538c3e
[EGGNET] Set-EggsChangeHealth health=ok
[EGGSCHANGE] Get-EggStatus id=bcdbf51a22114764b39d5616b18ff7e1
[EGGSCHANGE] Get-EggStatus id=a9ccd931b37e4400a9450f4f8e5f4aee
[EGGSCHANGE] Set-DeliveryAddress id=2c96bba8820f47eb91ef15750bf6a4dc
[EGGSCHANGE] Get-EggStatus id=800d2f73b1784945b28761155f712db4
[EGGSCHANGE] Set-DeliveryAddress id=274f93a053a7419d929e48dbe7fe3b04
[EGGSCHANGE] Get-EggStatus id=191717ca78974051abf345cea391f69f
[EGGSCHANGE] Install-NewUpdate update=2.e66
[EGGNET] Get-EggsChangeHealth
[EGGNET] Set-EggsChangeHealthTimeout timeout=true
[EGGNET] Set-AlarmStatus status=RRRRRRRRRRING!!!!